Using pre-set license
Built from '2020.3/staging' branch; Version is '2020.3.11f1 (99c7afb366b3) revision 10078127'; Using compiler version '192528614'; Build Type 'Release'
OS: 'Windows 10 Home Single Language; OS build 19043.1151; Version 2009; 64bit' Language: 'en' Physical Memory: 8079 MB
BatchMode: 1, IsHumanControllingUs: 0, StartBugReporterOnCrash: 0, Is64bit: 1, IsPro: 0

 COMMAND LINE ARGUMENTS:
C:\Program Files\Unity\Hub\Editor\2020.3.11f1\Editor\Unity.exe
-adb2
-batchMode
-noUpm
-name
AssetImportWorker0
-projectPath
D:/Game Development Projects/Unity Projects Repo/Keep Me Safe
-logFile
Logs/AssetImportWorker0.log
-srvPort
62826
Successfully changed project path to: D:/Game Development Projects/Unity Projects Repo/Keep Me Safe
D:/Game Development Projects/Unity Projects Repo/Keep Me Safe
Using Asset Import Pipeline V2.
Refreshing native plugins compatible for Editor in 55.56 ms, found 2 plugins.
Preloading 0 native plugins for Editor in 0.00 ms.
Initialize engine version: 2020.3.11f1 (99c7afb366b3)
[Subsystems] Discovering subsystems at path C:/Program Files/Unity/Hub/Editor/2020.3.11f1/Editor/Data/Resources/UnitySubsystems
[Subsystems] Discovering subsystems at path D:/Game Development Projects/Unity Projects Repo/Keep Me Safe/Assets
GfxDevice: creating device client; threaded=0
Direct3D:
    Version:  Direct3D 11.0 [level 11.1]
    Renderer: NVIDIA GeForce MX250 (ID=0x1d13)
    Vendor:   
    VRAM:     4027 MB
    Driver:   30.0.14.7111
Initialize mono
Mono path[0] = 'C:/Program Files/Unity/Hub/Editor/2020.3.11f1/Editor/Data/Managed'
Mono path[1] = 'C:/Program Files/Unity/Hub/Editor/2020.3.11f1/Editor/Data/MonoBleedingEdge/lib/mono/unityjit'
Mono config path = 'C:/Program Files/Unity/Hub/Editor/2020.3.11f1/Editor/Data/MonoBleedingEdge/etc'
Using monoOptions --debugger-agent=transport=dt_socket,embedding=1,server=y,suspend=n,address=127.0.0.1:56308
Begin MonoManager ReloadAssembly
Registering precompiled unity dll's ...
Register platform support module: C:/Program Files/Unity/Hub/Editor/2020.3.11f1/Editor/Data/PlaybackEngines/WebGLSupport/UnityEditor.WebGL.Extensions.dll
Register platform support module: C:/Program Files/Unity/Hub/Editor/2020.3.11f1/Editor/Data/PlaybackEngines/WindowsStandaloneSupport/UnityEditor.WindowsStandalone.Extensions.dll
Registered in 0.008268 seconds.
Native extension for WindowsStandalone target not found
Native extension for WebGL target not found
Refreshing native plugins compatible for Editor in 208.72 ms, found 2 plugins.
Preloading 0 native plugins for Editor in 0.00 ms.
Mono: successfully reloaded assembly
- Completed reload, in  6.990 seconds
Platform modules already initialized, skipping
Registering precompiled user dll's ...
Registered in 0.235013 seconds.
Begin MonoManager ReloadAssembly
Native extension for WindowsStandalone target not found
Native extension for WebGL target not found
Refreshing native plugins compatible for Editor in 45.88 ms, found 2 plugins.
Preloading 0 native plugins for Editor in 0.00 ms.
Mono: successfully reloaded assembly
- Completed reload, in  3.246 seconds
Platform modules already initialized, skipping
========================================================================
Worker process is ready to serve import requests
Launched and connected shader compiler UnityShaderCompiler.exe after 0.08 seconds
Refreshing native plugins compatible for Editor in 0.72 ms, found 2 plugins.
Preloading 0 native plugins for Editor in 0.00 ms.
Unloading 1749 Unused Serialized files (Serialized files now loaded: 0)
System memory in use before: 80.9 MB.
System memory in use after: 80.9 MB.

Unloading 21 unused Assets to reduce memory usage. Loaded Objects now: 2187.
Total: 4.203000 ms (FindLiveObjects: 0.343000 ms CreateObjectMapping: 0.104200 ms MarkObjects: 3.623600 ms  DeleteObjects: 0.130200 ms)

========================================================================
Received Import Request.
  path: Assets/Arts
  artifactKey: Guid(199234d90abe4c54496fa152abbe2efd) Importer(815301076,1909f56bfc062723c751e8b465ee728b)
Start importing Assets/Arts using Guid(199234d90abe4c54496fa152abbe2efd) Importer(815301076,1909f56bfc062723c751e8b465ee728b)  -> (artifact id: 'ca524fb8251324211711348304e13d9b') in 0.009725 seconds
  Import took 0.063698 seconds .

========================================================================
Received Import Request.
  Time since last request: 0.000822 seconds.
  path: Assets/Arts/Main Menu.png
  artifactKey: Guid(63070858cbcd97148a652619f468254e) Importer(815301076,1909f56bfc062723c751e8b465ee728b)
Start importing Assets/Arts/Main Menu.png using Guid(63070858cbcd97148a652619f468254e) Importer(815301076,1909f56bfc062723c751e8b465ee728b)  -> (artifact id: '73baf6be840835515f31d015a0ecda74') in 0.158066 seconds
  Import took 0.180155 seconds .

========================================================================
Received Import Request.
  Time since last request: 52.323508 seconds.
  path: Assets/Game Assets/Autarca/AlienShipsPack/Materials/AlienFighter.mat
  artifactKey: Guid(1a28d63c1672b9847915a31e7e342324) Importer(815301076,1909f56bfc062723c751e8b465ee728b)
Start importing Assets/Game Assets/Autarca/AlienShipsPack/Materials/AlienFighter.mat using Guid(1a28d63c1672b9847915a31e7e342324) Importer(815301076,1909f56bfc062723c751e8b465ee728b)  -> (artifact id: 'd1c4e58ac849fda04763855defdab863') in 1.480493 seconds
  Import took 1.722802 seconds .

========================================================================
Received Import Request.
  Time since last request: 0.000318 seconds.
  path: Assets/Game Assets/Autarca/AlienShipsPack/Meshes/AlienDestroyer.fbx
  artifactKey: Guid(5c929a1e7e6053f499c799f0b76fc965) Importer(815301076,1909f56bfc062723c751e8b465ee728b)
Start importing Assets/Game Assets/Autarca/AlienShipsPack/Meshes/AlienDestroyer.fbx using Guid(5c929a1e7e6053f499c799f0b76fc965) Importer(815301076,1909f56bfc062723c751e8b465ee728b)  -> (artifact id: '16a99ed62c14ff6119c89e73310b451f') in 0.191526 seconds
  Import took 0.234126 seconds .

========================================================================
Received Import Request.
  Time since last request: 0.000217 seconds.
  path: Assets/TextMesh Pro/Resources/Fonts & Materials/LiberationSans SDF - Outline.mat
  artifactKey: Guid(79459efec17a4d00a321bdcc27bbc385) Importer(815301076,1909f56bfc062723c751e8b465ee728b)
Start importing Assets/TextMesh Pro/Resources/Fonts & Materials/LiberationSans SDF - Outline.mat using Guid(79459efec17a4d00a321bdcc27bbc385) Importer(815301076,1909f56bfc062723c751e8b465ee728b)  -> (artifact id: '289988fcecf3b00d1602f8d2b589f7dd') in 0.188734 seconds
  Import took 0.263751 seconds .

========================================================================
Received Import Request.
  Time since last request: 0.003281 seconds.
  path: Assets/Game Assets/PopupAsylum/PA_SciFiCombatants/_Imported3D/Vehicles/Materials/PA_ArchfireTankMat.mat
  artifactKey: Guid(1cb25b01297051041a96c363afa2502b) Importer(815301076,1909f56bfc062723c751e8b465ee728b)
Start importing Assets/Game Assets/PopupAsylum/PA_SciFiCombatants/_Imported3D/Vehicles/Materials/PA_ArchfireTankMat.mat using Guid(1cb25b01297051041a96c363afa2502b) Importer(815301076,1909f56bfc062723c751e8b465ee728b)  -> (artifact id: '6aef9d31394a5e3cc8e7b5b2853c7852') in 0.920428 seconds
  Import took 1.322615 seconds .

========================================================================
Received Import Request.
  Time since last request: 0.000538 seconds.
  path: Assets/Game Assets/Autarca/AlienShipsPack/Materials/AlienFighter.mat
  artifactKey: Guid(1a28d63c1672b9847915a31e7e342324) Importer(815301076,1909f56bfc062723c751e8b465ee728b)
Start importing Assets/Game Assets/Autarca/AlienShipsPack/Materials/AlienFighter.mat using Guid(1a28d63c1672b9847915a31e7e342324) Importer(815301076,1909f56bfc062723c751e8b465ee728b)  -> (artifact id: 'd1c4e58ac849fda04763855defdab863') in 0.528692 seconds
  Import took 0.624628 seconds .

========================================================================
Received Import Request.
  Time since last request: 0.000415 seconds.
  path: Assets/Game Assets/Jammo-Character/Materials/Skybox.mat
  artifactKey: Guid(d69071256986a1c4bb4872d222c6ae6e) Importer(815301076,1909f56bfc062723c751e8b465ee728b)
Start importing Assets/Game Assets/Jammo-Character/Materials/Skybox.mat using Guid(d69071256986a1c4bb4872d222c6ae6e) Importer(815301076,1909f56bfc062723c751e8b465ee728b)  -> (artifact id: '0d281320f3134d071386fe6572b66fc7') in 0.092745 seconds
  Import took 0.164526 seconds .

========================================================================
Received Import Request.
  Time since last request: 0.000486 seconds.
  path: Assets/Materials/GroundMaterial.mat
  artifactKey: Guid(c853dea061528a6419cab3573ef3279b) Importer(815301076,1909f56bfc062723c751e8b465ee728b)
Start importing Assets/Materials/GroundMaterial.mat using Guid(c853dea061528a6419cab3573ef3279b) Importer(815301076,1909f56bfc062723c751e8b465ee728b)  -> (artifact id: '894da4d71c6e10029efbe164a7cf7a8c') in 0.045188 seconds
  Import took 0.184539 seconds .

========================================================================
Received Import Request.
  Time since last request: 0.000426 seconds.
  path: Assets/Game Assets/Jammo-Character/Materials/m_jammo_eyes.mat
  artifactKey: Guid(d5c0dc78f40c06c4e9356a3218da955b) Importer(815301076,1909f56bfc062723c751e8b465ee728b)
Start importing Assets/Game Assets/Jammo-Character/Materials/m_jammo_eyes.mat using Guid(d5c0dc78f40c06c4e9356a3218da955b) Importer(815301076,1909f56bfc062723c751e8b465ee728b)  -> (artifact id: 'ecaafa440e3ca2849300d18617172be2') in 0.194168 seconds
  Import took 0.250177 seconds .

========================================================================
Received Import Request.
  Time since last request: 0.000346 seconds.
  path: Assets/TextMesh Pro/Resources/Fonts & Materials/LiberationSans SDF - Fallback.asset
  artifactKey: Guid(2e498d1c8094910479dc3e1b768306a4) Importer(815301076,1909f56bfc062723c751e8b465ee728b)
Start importing Assets/TextMesh Pro/Resources/Fonts & Materials/LiberationSans SDF - Fallback.asset using Guid(2e498d1c8094910479dc3e1b768306a4) Importer(815301076,1909f56bfc062723c751e8b465ee728b)  -> (artifact id: 'b8c2210586957436df79bf961aeff06e') in 0.197772 seconds
  Import took 0.250530 seconds .

========================================================================
Received Import Request.
  Time since last request: 0.000371 seconds.
  path: Assets/Game Assets/Jammo-Character/Materials/m_ground.mat
  artifactKey: Guid(ac02e0546055b854f8600e1708139ff8) Importer(815301076,1909f56bfc062723c751e8b465ee728b)
Start importing Assets/Game Assets/Jammo-Character/Materials/m_ground.mat using Guid(ac02e0546055b854f8600e1708139ff8) Importer(815301076,1909f56bfc062723c751e8b465ee728b)  -> (artifact id: 'd846332a8d070edd0287f227fa7fccb2') in 0.069109 seconds
  Import took 0.121626 seconds .

========================================================================
Received Import Request.
  Time since last request: 0.000297 seconds.
  path: Assets/Game Assets/PopupAsylum/PA_SciFiCombatants/_Imported3D/Vehicles/Materials/PA_ArchlightBomberMat.mat
  artifactKey: Guid(b24f7a066cecbf14fb1725b9b2f12f27) Importer(815301076,1909f56bfc062723c751e8b465ee728b)
Start importing Assets/Game Assets/PopupAsylum/PA_SciFiCombatants/_Imported3D/Vehicles/Materials/PA_ArchlightBomberMat.mat using Guid(b24f7a066cecbf14fb1725b9b2f12f27) Importer(815301076,1909f56bfc062723c751e8b465ee728b)  -> (artifact id: 'bae34567b0a57919398ecd62d1dacb16') in 0.604263 seconds
  Import took 0.641974 seconds .

========================================================================
Received Import Request.
  Time since last request: 0.000308 seconds.
  path: Assets/TextMesh Pro/Fonts/LiberationSans.ttf
  artifactKey: Guid(e3265ab4bf004d28a9537516768c1c75) Importer(815301076,1909f56bfc062723c751e8b465ee728b)
Start importing Assets/TextMesh Pro/Fonts/LiberationSans.ttf using Guid(e3265ab4bf004d28a9537516768c1c75) Importer(815301076,1909f56bfc062723c751e8b465ee728b)  -> (artifact id: '246556da8ee308a88cd64dac11bb5e10') in 0.083494 seconds
  Import took 0.133375 seconds .

========================================================================
Received Import Request.
  Time since last request: 0.000305 seconds.
  path: Assets/TextMesh Pro/Resources/Fonts & Materials/LiberationSans SDF - Drop Shadow.mat
  artifactKey: Guid(e73a58f6e2794ae7b1b7e50b7fb811b0) Importer(815301076,1909f56bfc062723c751e8b465ee728b)
Start importing Assets/TextMesh Pro/Resources/Fonts & Materials/LiberationSans SDF - Drop Shadow.mat using Guid(e73a58f6e2794ae7b1b7e50b7fb811b0) Importer(815301076,1909f56bfc062723c751e8b465ee728b)  -> (artifact id: 'ca0d2861f60500f05bd29199894f7bb5') in 0.145032 seconds
  Import took 0.307696 seconds .

========================================================================
Received Import Request.
  Time since last request: 0.000926 seconds.
  path: Assets/Game Assets/Autarca/AlienShipsPack/Meshes/AlienFighter.fbx
  artifactKey: Guid(2e70299eae7fff74a9cfef859bc18b5a) Importer(815301076,1909f56bfc062723c751e8b465ee728b)
Start importing Assets/Game Assets/Autarca/AlienShipsPack/Meshes/AlienFighter.fbx using Guid(2e70299eae7fff74a9cfef859bc18b5a) Importer(815301076,1909f56bfc062723c751e8b465ee728b)  -> (artifact id: 'a4082a85f10b5f736c102fb4994eb174') in 0.061130 seconds
  Import took 0.078034 seconds .

========================================================================
Received Import Request.
  Time since last request: 0.000291 seconds.
  path: Assets/TextMesh Pro/Resources/Fonts & Materials/LiberationSans SDF.asset
  artifactKey: Guid(8f586378b4e144a9851e7b34d9b748ee) Importer(815301076,1909f56bfc062723c751e8b465ee728b)
Start importing Assets/TextMesh Pro/Resources/Fonts & Materials/LiberationSans SDF.asset using Guid(8f586378b4e144a9851e7b34d9b748ee) Importer(815301076,1909f56bfc062723c751e8b465ee728b)  -> (artifact id: 'f1280cc7be10b532b2897fc8654f95d3') in 0.055019 seconds
  Import took 0.097497 seconds .

========================================================================
Received Import Request.
  Time since last request: 0.000341 seconds.
  path: Assets/Game Assets/PopupAsylum/PA_SciFiCombatants/_Imported3D/Vehicles/Materials/PA_DropPodMat.mat
  artifactKey: Guid(af0d33e3f402ddc4dade40562c3c1ec2) Importer(815301076,1909f56bfc062723c751e8b465ee728b)
Start importing Assets/Game Assets/PopupAsylum/PA_SciFiCombatants/_Imported3D/Vehicles/Materials/PA_DropPodMat.mat using Guid(af0d33e3f402ddc4dade40562c3c1ec2) Importer(815301076,1909f56bfc062723c751e8b465ee728b)  -> (artifact id: '8f9b3a92e3e0735de713dd015f836472') in 0.258598 seconds
  Import took 0.311031 seconds .

========================================================================
Received Import Request.
  Time since last request: 0.000311 seconds.
  path: Assets/TextMesh Pro/Resources/Fonts & Materials/LiberationSans SDF.asset
  artifactKey: Guid(8f586378b4e144a9851e7b34d9b748ee) Importer(815301076,1909f56bfc062723c751e8b465ee728b)
Start importing Assets/TextMesh Pro/Resources/Fonts & Materials/LiberationSans SDF.asset using Guid(8f586378b4e144a9851e7b34d9b748ee) Importer(815301076,1909f56bfc062723c751e8b465ee728b)  -> (artifact id: 'f1280cc7be10b532b2897fc8654f95d3') in 0.043500 seconds
  Import took 0.047621 seconds .

========================================================================
Received Import Request.
  Time since last request: 0.000233 seconds.
  path: Assets/Game Assets/Autarca/AlienShipsPack/Meshes/BioTorpedo.fbx
  artifactKey: Guid(7684aa101ccc34e43b3a50a6a375c9b1) Importer(815301076,1909f56bfc062723c751e8b465ee728b)
Start importing Assets/Game Assets/Autarca/AlienShipsPack/Meshes/BioTorpedo.fbx using Guid(7684aa101ccc34e43b3a50a6a375c9b1) Importer(815301076,1909f56bfc062723c751e8b465ee728b)  -> (artifact id: '019a5801f9683cb07f8208b6a73aaf35') in 0.060288 seconds
  Import took 0.091487 seconds .

========================================================================
Received Import Request.
  Time since last request: 0.000470 seconds.
  path: Assets/Game Assets/Jammo-Character/Materials/m_jammo_metal.mat
  artifactKey: Guid(60c2f0e0aaa8f8d4e9d23d7e3768653b) Importer(815301076,1909f56bfc062723c751e8b465ee728b)
Start importing Assets/Game Assets/Jammo-Character/Materials/m_jammo_metal.mat using Guid(60c2f0e0aaa8f8d4e9d23d7e3768653b) Importer(815301076,1909f56bfc062723c751e8b465ee728b)  -> (artifact id: '94dc4945f92311b0fcdb7c41a8b8f5f8') in 0.486816 seconds
  Import took 0.540859 seconds .

========================================================================
Received Prepare
Registering precompiled user dll's ...
Registered in 0.038062 seconds.
Begin MonoManager ReloadAssembly
Native extension for WindowsStandalone target not found
Native extension for WebGL target not found
Refreshing native plugins compatible for Editor in 0.36 ms, found 2 plugins.
Preloading 0 native plugins for Editor in 0.00 ms.
Mono: successfully reloaded assembly
- Completed reload, in  1.126 seconds
Platform modules already initialized, skipping
Switching build target platform(19) subTarget(0) extendedPlatform(0) -> platform(13) subTarget(537395200) extendedPlatform(0)
Refreshing native plugins compatible for Editor in 0.40 ms, found 2 plugins.
Preloading 0 native plugins for Editor in 0.00 ms.
Unloading 1734 Unused Serialized files (Serialized files now loaded: 0)
System memory in use before: 83.1 MB.
System memory in use after: 83.2 MB.

Unloading 15 unused Assets to reduce memory usage. Loaded Objects now: 2240.
Total: 2.308400 ms (FindLiveObjects: 0.240300 ms CreateObjectMapping: 0.048300 ms MarkObjects: 1.895700 ms  DeleteObjects: 0.122900 ms)

AssetImportParameters requested are different than current active one (requested -> active):
  custom:graphics/normal-map-encoding: 01000000000000000000000000000000 -> 02000000000000000000000000000000
AssetImportWorkerClient::OnTransportError - code=2 error=End of file
