Using pre-set license
Built from '2020.3/staging' branch; Version is '2020.3.11f1 (99c7afb366b3) revision 10078127'; Using compiler version '192528614'; Build Type 'Release'
OS: 'Windows 10 Home Single Language; OS build 22000.675; Version 2009; 64bit' Language: 'en' Physical Memory: 16271 MB
BatchMode: 1, IsHumanControllingUs: 0, StartBugReporterOnCrash: 0, Is64bit: 1, IsPro: 0

 COMMAND LINE ARGUMENTS:
C:\Program Files\Unity\Editor\Unity.exe
-adb2
-batchMode
-noUpm
-name
AssetImportWorker0
-projectPath
D:/Game Development Projects/Unity Projects Repo/Keep Me Safe
-logFile
Logs/AssetImportWorker0.log
-srvPort
65350
Successfully changed project path to: D:/Game Development Projects/Unity Projects Repo/Keep Me Safe
D:/Game Development Projects/Unity Projects Repo/Keep Me Safe
Using Asset Import Pipeline V2.
Refreshing native plugins compatible for Editor in 46.48 ms, found 2 plugins.
Preloading 0 native plugins for Editor in 0.00 ms.
Initialize engine version: 2020.3.11f1 (99c7afb366b3)
[Subsystems] Discovering subsystems at path C:/Program Files/Unity/Editor/Data/Resources/UnitySubsystems
[Subsystems] Discovering subsystems at path D:/Game Development Projects/Unity Projects Repo/Keep Me Safe/Assets
GfxDevice: creating device client; threaded=0
Direct3D:
    Version:  Direct3D 11.0 [level 11.1]
    Renderer: NVIDIA GeForce MX250 (ID=0x1d13)
    Vendor:   
    VRAM:     4027 MB
    Driver:   30.0.15.1179
Initialize mono
Mono path[0] = 'C:/Program Files/Unity/Editor/Data/Managed'
Mono path[1] = 'C:/Program Files/Unity/Editor/Data/MonoBleedingEdge/lib/mono/unityjit'
Mono config path = 'C:/Program Files/Unity/Editor/Data/MonoBleedingEdge/etc'
Using monoOptions --debugger-agent=transport=dt_socket,embedding=1,server=y,suspend=n,address=127.0.0.1:56948
Begin MonoManager ReloadAssembly
Registering precompiled unity dll's ...
Register platform support module: C:/Program Files/Unity/Editor/Data/PlaybackEngines/WebGLSupport/UnityEditor.WebGL.Extensions.dll
Register platform support module: C:/Program Files/Unity/Editor/Data/PlaybackEngines/WindowsStandaloneSupport/UnityEditor.WindowsStandalone.Extensions.dll
Registered in 0.003908 seconds.
Native extension for WindowsStandalone target not found
Native extension for WebGL target not found
Refreshing native plugins compatible for Editor in 36.09 ms, found 2 plugins.
Preloading 0 native plugins for Editor in 0.00 ms.
Mono: successfully reloaded assembly
- Completed reload, in  1.323 seconds
Platform modules already initialized, skipping
Registering precompiled user dll's ...
Registered in 0.006078 seconds.
Begin MonoManager ReloadAssembly
Native extension for WindowsStandalone target not found
Native extension for WebGL target not found
Refreshing native plugins compatible for Editor in 36.99 ms, found 2 plugins.
Preloading 0 native plugins for Editor in 0.00 ms.
Mono: successfully reloaded assembly
- Completed reload, in  1.130 seconds
Platform modules already initialized, skipping
========================================================================
Worker process is ready to serve import requests
Launched and connected shader compiler UnityShaderCompiler.exe after 0.09 seconds
Refreshing native plugins compatible for Editor in 0.72 ms, found 2 plugins.
Preloading 0 native plugins for Editor in 0.00 ms.
Unloading 1752 Unused Serialized files (Serialized files now loaded: 0)
System memory in use before: 87.4 MB.
System memory in use after: 87.5 MB.

Unloading 21 unused Assets to reduce memory usage. Loaded Objects now: 2202.
Total: 2.804400 ms (FindLiveObjects: 0.274500 ms CreateObjectMapping: 0.101900 ms MarkObjects: 2.324300 ms  DeleteObjects: 0.102000 ms)

========================================================================
Received Import Request.
  path: Assets/TextMesh Pro/Resources/Fonts & Materials/LiberationSans SDF.asset
  artifactKey: Guid(8f586378b4e144a9851e7b34d9b748ee) Importer(815301076,1909f56bfc062723c751e8b465ee728b)
Start importing Assets/TextMesh Pro/Resources/Fonts & Materials/LiberationSans SDF.asset using Guid(8f586378b4e144a9851e7b34d9b748ee) Importer(815301076,1909f56bfc062723c751e8b465ee728b)  -> (artifact id: 'c18aef1705d96295197af7bfcb3126b4') in 0.181152 seconds
  Import took 0.184226 seconds .

========================================================================
Received Prepare
Refreshing native plugins compatible for Editor in 2.56 ms, found 2 plugins.
Preloading 0 native plugins for Editor in 0.00 ms.
Unloading 12 Unused Serialized files (Serialized files now loaded: 0)
System memory in use before: 55.9 MB.
System memory in use after: 56.0 MB.

Unloading 12 unused Assets to reduce memory usage. Loaded Objects now: 2244.
Total: 2.245900 ms (FindLiveObjects: 0.159700 ms CreateObjectMapping: 0.060500 ms MarkObjects: 1.944000 ms  DeleteObjects: 0.080800 ms)

========================================================================
Received Import Request.
  Time since last request: 52.474399 seconds.
  path: Assets/DISKAOU GAME STUDIOS (WALLPAPER).png
  artifactKey: Guid(6e75a25e1fb041740af9e8b3c809ef10) Importer(815301076,1909f56bfc062723c751e8b465ee728b)
Start importing Assets/DISKAOU GAME STUDIOS (WALLPAPER).png using Guid(6e75a25e1fb041740af9e8b3c809ef10) Importer(815301076,1909f56bfc062723c751e8b465ee728b)  -> (artifact id: '48732019dd04e192c55f6360e6b2b00f') in 0.034943 seconds
  Import took 0.040503 seconds .

========================================================================
Received Import Request.
  Time since last request: 113.647803 seconds.
  path: Assets/YughuesFreeMetalMaterials/Materials/Textures/T_21_Specular.tga
  artifactKey: Guid(c979550daad02764d983ba90e592ad9d) Importer(815301076,1909f56bfc062723c751e8b465ee728b)
Start importing Assets/YughuesFreeMetalMaterials/Materials/Textures/T_21_Specular.tga using Guid(c979550daad02764d983ba90e592ad9d) Importer(815301076,1909f56bfc062723c751e8b465ee728b)  -> (artifact id: '67a4d7260182247d8815f8af6d434101') in 0.015563 seconds
  Import took 0.019868 seconds .

========================================================================
Received Import Request.
  Time since last request: 0.000371 seconds.
  path: Assets/YughuesFreeMetalMaterials/Materials/Textures/T_22_Normal.tga
  artifactKey: Guid(7bf14af4662458044a096632566cf50a) Importer(815301076,1909f56bfc062723c751e8b465ee728b)
Start importing Assets/YughuesFreeMetalMaterials/Materials/Textures/T_22_Normal.tga using Guid(7bf14af4662458044a096632566cf50a) Importer(815301076,1909f56bfc062723c751e8b465ee728b)  -> (artifact id: '8f5f698273b23d43e8faab698137d524') in 0.031801 seconds
  Import took 0.036516 seconds .

========================================================================
Received Import Request.
  Time since last request: 0.000378 seconds.
  path: Assets/YughuesFreeMetalMaterials/Materials/Textures/T_24_Diffuse.tga
  artifactKey: Guid(4bdf8705c42ae7540afc582420d73843) Importer(815301076,1909f56bfc062723c751e8b465ee728b)
Start importing Assets/YughuesFreeMetalMaterials/Materials/Textures/T_24_Diffuse.tga using Guid(4bdf8705c42ae7540afc582420d73843) Importer(815301076,1909f56bfc062723c751e8b465ee728b)  -> (artifact id: '6e852fa990c9a3c0a84bda4bd287916a') in 0.016101 seconds
  Import took 0.020123 seconds .

========================================================================
Received Import Request.
  Time since last request: 0.000261 seconds.
  path: Assets/YughuesFreeMetalMaterials/Materials/Textures/T_24_Normal.tga
  artifactKey: Guid(33416e1c35bc9b148a8bf942e484c86e) Importer(815301076,1909f56bfc062723c751e8b465ee728b)
Start importing Assets/YughuesFreeMetalMaterials/Materials/Textures/T_24_Normal.tga using Guid(33416e1c35bc9b148a8bf942e484c86e) Importer(815301076,1909f56bfc062723c751e8b465ee728b)  -> (artifact id: 'b4e117e72f054eae0fcce826927a8e2f') in 0.018824 seconds
  Import took 0.023663 seconds .

========================================================================
Received Import Request.
  Time since last request: 0.000294 seconds.
  path: Assets/YughuesFreeMetalMaterials/Materials/Textures/T_22_Specular.tga
  artifactKey: Guid(15e885e03e6987540a13c5f25e1e7f4b) Importer(815301076,1909f56bfc062723c751e8b465ee728b)
Start importing Assets/YughuesFreeMetalMaterials/Materials/Textures/T_22_Specular.tga using Guid(15e885e03e6987540a13c5f25e1e7f4b) Importer(815301076,1909f56bfc062723c751e8b465ee728b)  -> (artifact id: '8db4a2838ddb04d9a32103a5c2006897') in 0.020007 seconds
  Import took 0.022600 seconds .

========================================================================
Received Import Request.
  Time since last request: 0.000287 seconds.
  path: Assets/YughuesFreeMetalMaterials/Materials/Textures/T_23_Specular.tga
  artifactKey: Guid(ca94c84d71c5f1444a24b94522d26e9e) Importer(815301076,1909f56bfc062723c751e8b465ee728b)
Start importing Assets/YughuesFreeMetalMaterials/Materials/Textures/T_23_Specular.tga using Guid(ca94c84d71c5f1444a24b94522d26e9e) Importer(815301076,1909f56bfc062723c751e8b465ee728b)  -> (artifact id: '9cad87aed93b9a0356af4927904253fc') in 0.014750 seconds
  Import took 0.018293 seconds .

========================================================================
Received Import Request.
  Time since last request: 0.000445 seconds.
  path: Assets/YughuesFreeMetalMaterials/Materials/Textures/T_26_Specular.tga
  artifactKey: Guid(7a69b4259fea3f04fae8f266184826fa) Importer(815301076,1909f56bfc062723c751e8b465ee728b)
Start importing Assets/YughuesFreeMetalMaterials/Materials/Textures/T_26_Specular.tga using Guid(7a69b4259fea3f04fae8f266184826fa) Importer(815301076,1909f56bfc062723c751e8b465ee728b)  -> (artifact id: 'f57cb266f1fd8d50882f2723aaa6da23') in 0.015108 seconds
  Import took 0.019970 seconds .

========================================================================
Received Import Request.
  Time since last request: 0.000344 seconds.
  path: Assets/YughuesFreeMetalMaterials/Materials/Textures/T_28_Normal.tga
  artifactKey: Guid(295f3d524574d1c46b83457cc0c64f78) Importer(815301076,1909f56bfc062723c751e8b465ee728b)
Start importing Assets/YughuesFreeMetalMaterials/Materials/Textures/T_28_Normal.tga using Guid(295f3d524574d1c46b83457cc0c64f78) Importer(815301076,1909f56bfc062723c751e8b465ee728b)  -> (artifact id: '6fb1ed62fadffe0ab307101c0b55565e') in 0.011043 seconds
  Import took 0.015486 seconds .

========================================================================
Received Import Request.
  Time since last request: 0.000371 seconds.
  path: Assets/YughuesFreeMetalMaterials/Materials/Textures/T_29_Diffuse.tga
  artifactKey: Guid(e8642de7dca4ee042b91319e75d59ce2) Importer(815301076,1909f56bfc062723c751e8b465ee728b)
Start importing Assets/YughuesFreeMetalMaterials/Materials/Textures/T_29_Diffuse.tga using Guid(e8642de7dca4ee042b91319e75d59ce2) Importer(815301076,1909f56bfc062723c751e8b465ee728b)  -> (artifact id: '290a1b414b4a61369dcbf16d6b0a72bf') in 0.012412 seconds
  Import took 0.017097 seconds .

========================================================================
Received Import Request.
  Time since last request: 0.000286 seconds.
  path: Assets/YughuesFreeMetalMaterials/Materials/Textures/T_28_Diffuse.tga
  artifactKey: Guid(9b6cbf8847f1b8643a4e8b05122ce9aa) Importer(815301076,1909f56bfc062723c751e8b465ee728b)
Start importing Assets/YughuesFreeMetalMaterials/Materials/Textures/T_28_Diffuse.tga using Guid(9b6cbf8847f1b8643a4e8b05122ce9aa) Importer(815301076,1909f56bfc062723c751e8b465ee728b)  -> (artifact id: '71f6564f5a756afd76bbf1f744ec1645') in 0.013161 seconds
  Import took 0.017595 seconds .

========================================================================
Received Import Request.
  Time since last request: 0.000294 seconds.
  path: Assets/YughuesFreeMetalMaterials/Materials/Textures/T_24_Specular.tga
  artifactKey: Guid(48be6ed832adba94999829854028da95) Importer(815301076,1909f56bfc062723c751e8b465ee728b)
Start importing Assets/YughuesFreeMetalMaterials/Materials/Textures/T_24_Specular.tga using Guid(48be6ed832adba94999829854028da95) Importer(815301076,1909f56bfc062723c751e8b465ee728b)  -> (artifact id: '4e202a3a6db5dee42ba51f118ed8c235') in 0.014927 seconds
  Import took 0.018639 seconds .

========================================================================
Received Import Request.
  Time since last request: 0.000241 seconds.
  path: Assets/YughuesFreeMetalMaterials/Materials/Textures/T_25_Diffuse.tga
  artifactKey: Guid(cff6b5a878a08e34f9669b5d411e994d) Importer(815301076,1909f56bfc062723c751e8b465ee728b)
Start importing Assets/YughuesFreeMetalMaterials/Materials/Textures/T_25_Diffuse.tga using Guid(cff6b5a878a08e34f9669b5d411e994d) Importer(815301076,1909f56bfc062723c751e8b465ee728b)  -> (artifact id: '454174c3fce1b41473cadf461c961ad5') in 0.011574 seconds
  Import took 0.015877 seconds .

========================================================================
Received Import Request.
  Time since last request: 0.000389 seconds.
  path: Assets/YughuesFreeMetalMaterials/Materials/Textures/T_23_Diffuse.tga
  artifactKey: Guid(8413ed1331ead2d45ade40523232bc0f) Importer(815301076,1909f56bfc062723c751e8b465ee728b)
Start importing Assets/YughuesFreeMetalMaterials/Materials/Textures/T_23_Diffuse.tga using Guid(8413ed1331ead2d45ade40523232bc0f) Importer(815301076,1909f56bfc062723c751e8b465ee728b)  -> (artifact id: 'c8e636c97e55f23fd4504b144732ab3e') in 0.011012 seconds
  Import took 0.015214 seconds .

========================================================================
Received Import Request.
  Time since last request: 0.000265 seconds.
  path: Assets/YughuesFreeMetalMaterials/Materials/Textures/T_25_Specular.tga
  artifactKey: Guid(bd234f8d2756b7848b2423a3f99231cd) Importer(815301076,1909f56bfc062723c751e8b465ee728b)
Start importing Assets/YughuesFreeMetalMaterials/Materials/Textures/T_25_Specular.tga using Guid(bd234f8d2756b7848b2423a3f99231cd) Importer(815301076,1909f56bfc062723c751e8b465ee728b)  -> (artifact id: 'aa6005057ab706015c7708ac3096299a') in 0.015025 seconds
  Import took 0.018916 seconds .

========================================================================
Received Import Request.
  Time since last request: 0.000385 seconds.
  path: Assets/YughuesFreeMetalMaterials/Materials/Textures/T_27_Specular.tga
  artifactKey: Guid(a9003f14ef2a8bd47abbe5c8d364d562) Importer(815301076,1909f56bfc062723c751e8b465ee728b)
Start importing Assets/YughuesFreeMetalMaterials/Materials/Textures/T_27_Specular.tga using Guid(a9003f14ef2a8bd47abbe5c8d364d562) Importer(815301076,1909f56bfc062723c751e8b465ee728b)  -> (artifact id: '8a452955f52fb9180ab364fea65b3eb0') in 0.014664 seconds
  Import took 0.018361 seconds .

========================================================================
Received Import Request.
  Time since last request: 0.000277 seconds.
  path: Assets/YughuesFreeMetalMaterials/Materials/Textures/T_28_Specular.tga
  artifactKey: Guid(d86c80ae03435124fbf96fd0e9882016) Importer(815301076,1909f56bfc062723c751e8b465ee728b)
Start importing Assets/YughuesFreeMetalMaterials/Materials/Textures/T_28_Specular.tga using Guid(d86c80ae03435124fbf96fd0e9882016) Importer(815301076,1909f56bfc062723c751e8b465ee728b)  -> (artifact id: '2eee2d0089b5e47836d3f39c25709c12') in 0.021358 seconds
  Import took 0.024845 seconds .

========================================================================
Received Import Request.
  Time since last request: 0.000324 seconds.
  path: Assets/YughuesFreeMetalMaterials/Materials/Textures/T_25_Normal.tga
  artifactKey: Guid(18fcf7bf1b94dd3459a6ea26b304428e) Importer(815301076,1909f56bfc062723c751e8b465ee728b)
Start importing Assets/YughuesFreeMetalMaterials/Materials/Textures/T_25_Normal.tga using Guid(18fcf7bf1b94dd3459a6ea26b304428e) Importer(815301076,1909f56bfc062723c751e8b465ee728b)  -> (artifact id: 'b620dc10bdd044e34ae6a5204a56f3d0') in 0.018276 seconds
  Import took 0.021622 seconds .

========================================================================
Received Import Request.
  Time since last request: 0.000331 seconds.
  path: Assets/YughuesFreeMetalMaterials/Materials/Textures/T_27_Diffuse.tga
  artifactKey: Guid(455a6bfeed4785648b13816f37f358e4) Importer(815301076,1909f56bfc062723c751e8b465ee728b)
Start importing Assets/YughuesFreeMetalMaterials/Materials/Textures/T_27_Diffuse.tga using Guid(455a6bfeed4785648b13816f37f358e4) Importer(815301076,1909f56bfc062723c751e8b465ee728b)  -> (artifact id: '3187436f5f57828dcd837634e7d98b6e') in 0.011421 seconds
  Import took 0.014959 seconds .

========================================================================
Received Import Request.
  Time since last request: 0.000237 seconds.
  path: Assets/YughuesFreeMetalMaterials/Materials/Textures/T_27_Normal.tga
  artifactKey: Guid(32f6012cc48ae0b4899021bb4a03a8da) Importer(815301076,1909f56bfc062723c751e8b465ee728b)
Start importing Assets/YughuesFreeMetalMaterials/Materials/Textures/T_27_Normal.tga using Guid(32f6012cc48ae0b4899021bb4a03a8da) Importer(815301076,1909f56bfc062723c751e8b465ee728b)  -> (artifact id: '84821b67c8610804f43025efffc02277') in 0.010890 seconds
  Import took 0.015282 seconds .

========================================================================
Received Import Request.
  Time since last request: 0.000421 seconds.
  path: Assets/YughuesFreeMetalMaterials/Materials/Textures/T_22_Diffuse.tga
  artifactKey: Guid(445cb47871abfa0459e87e16500c10c7) Importer(815301076,1909f56bfc062723c751e8b465ee728b)
Start importing Assets/YughuesFreeMetalMaterials/Materials/Textures/T_22_Diffuse.tga using Guid(445cb47871abfa0459e87e16500c10c7) Importer(815301076,1909f56bfc062723c751e8b465ee728b)  -> (artifact id: 'f2b2bce7a6a39eaca927c8f51da7e14a') in 0.012434 seconds
  Import took 0.016545 seconds .

========================================================================
Received Import Request.
  Time since last request: 0.000421 seconds.
  path: Assets/YughuesFreeMetalMaterials/Materials/Textures/T_26_Diffuse.tga
  artifactKey: Guid(f82867d065cf7d141b29809854fc3e1d) Importer(815301076,1909f56bfc062723c751e8b465ee728b)
Start importing Assets/YughuesFreeMetalMaterials/Materials/Textures/T_26_Diffuse.tga using Guid(f82867d065cf7d141b29809854fc3e1d) Importer(815301076,1909f56bfc062723c751e8b465ee728b)  -> (artifact id: '46b881af7c778643b6cc5a475beb9dfe') in 0.012191 seconds
  Import took 0.016540 seconds .

========================================================================
Received Import Request.
  Time since last request: 0.000317 seconds.
  path: Assets/YughuesFreeMetalMaterials/Materials/Textures/T_23_Normal.tga
  artifactKey: Guid(1fb10c5603038a24abb2ccad745574c6) Importer(815301076,1909f56bfc062723c751e8b465ee728b)
Start importing Assets/YughuesFreeMetalMaterials/Materials/Textures/T_23_Normal.tga using Guid(1fb10c5603038a24abb2ccad745574c6) Importer(815301076,1909f56bfc062723c751e8b465ee728b)  -> (artifact id: '6d91b536bc917b534daf9f09cccfa57c') in 0.015946 seconds
  Import took 0.019868 seconds .

========================================================================
Received Import Request.
  Time since last request: 0.000251 seconds.
  path: Assets/YughuesFreeMetalMaterials/Materials/Textures/T_26_Normal.tga
  artifactKey: Guid(a5a6e3521459fc94e9bd621c71bd96af) Importer(815301076,1909f56bfc062723c751e8b465ee728b)
Start importing Assets/YughuesFreeMetalMaterials/Materials/Textures/T_26_Normal.tga using Guid(a5a6e3521459fc94e9bd621c71bd96af) Importer(815301076,1909f56bfc062723c751e8b465ee728b)  -> (artifact id: '3c18046f96b475a69213e6975444df13') in 0.010360 seconds
  Import took 0.013437 seconds .

========================================================================
Received Import Request.
  Time since last request: 0.615080 seconds.
  path: Assets/YughuesFreeMetalMaterials/Materials/Textures/T_29_Normal.tga
  artifactKey: Guid(b0a7501717f3514478fad8bb7bae311c) Importer(815301076,1909f56bfc062723c751e8b465ee728b)
Start importing Assets/YughuesFreeMetalMaterials/Materials/Textures/T_29_Normal.tga using Guid(b0a7501717f3514478fad8bb7bae311c) Importer(815301076,1909f56bfc062723c751e8b465ee728b)  -> (artifact id: 'fbc8f3dbced23b11c738dab0aeeac8b4') in 0.014247 seconds
  Import took 0.018814 seconds .

========================================================================
Received Import Request.
  Time since last request: 0.000339 seconds.
  path: Assets/YughuesFreeMetalMaterials/Materials/Textures/T_30_Specular.tga
  artifactKey: Guid(a9d5254462ec08c49bfbc9da579a1f13) Importer(815301076,1909f56bfc062723c751e8b465ee728b)
Start importing Assets/YughuesFreeMetalMaterials/Materials/Textures/T_30_Specular.tga using Guid(a9d5254462ec08c49bfbc9da579a1f13) Importer(815301076,1909f56bfc062723c751e8b465ee728b)  -> (artifact id: '8a3e3673bc235d1c5c24450522c305f1') in 0.012200 seconds
  Import took 0.015382 seconds .

========================================================================
Received Import Request.
  Time since last request: 0.000305 seconds.
  path: Assets/YughuesFreeMetalMaterials/Materials/Textures/T_34_Normal.tga
  artifactKey: Guid(bb57d8b7e0dd55e4e9dbe2a31b82a842) Importer(815301076,1909f56bfc062723c751e8b465ee728b)
Start importing Assets/YughuesFreeMetalMaterials/Materials/Textures/T_34_Normal.tga using Guid(bb57d8b7e0dd55e4e9dbe2a31b82a842) Importer(815301076,1909f56bfc062723c751e8b465ee728b)  -> (artifact id: '8b377407d38d2e77b4b1665da776c75f') in 0.013356 seconds
  Import took 0.016030 seconds .

========================================================================
Received Import Request.
  Time since last request: 0.000261 seconds.
  path: Assets/YughuesFreeMetalMaterials/Materials/Textures/T_31_Specular.tga
  artifactKey: Guid(384e3a81535804f4b8ba6a0c1a288812) Importer(815301076,1909f56bfc062723c751e8b465ee728b)
Start importing Assets/YughuesFreeMetalMaterials/Materials/Textures/T_31_Specular.tga using Guid(384e3a81535804f4b8ba6a0c1a288812) Importer(815301076,1909f56bfc062723c751e8b465ee728b)  -> (artifact id: 'f0b0b86c741c760a87a2c6ed4772b28c') in 0.011493 seconds
  Import took 0.015567 seconds .

========================================================================
Received Import Request.
  Time since last request: 0.000452 seconds.
  path: Assets/YughuesFreeMetalMaterials/Materials/Textures/T_37_Diffuse.tga
  artifactKey: Guid(464a455c600e8a045bf4b7a3175e0c73) Importer(815301076,1909f56bfc062723c751e8b465ee728b)
Start importing Assets/YughuesFreeMetalMaterials/Materials/Textures/T_37_Diffuse.tga using Guid(464a455c600e8a045bf4b7a3175e0c73) Importer(815301076,1909f56bfc062723c751e8b465ee728b)  -> (artifact id: '60ca5f3b068fc6d9771b2c558e51ef4b') in 0.017743 seconds
  Import took 0.021555 seconds .

========================================================================
Received Import Request.
  Time since last request: 0.000328 seconds.
  path: Assets/YughuesFreeMetalMaterials/Materials/Textures/T_36_Specular.tga
  artifactKey: Guid(f0227a91a3a34cf459bf745bb80cc352) Importer(815301076,1909f56bfc062723c751e8b465ee728b)
Start importing Assets/YughuesFreeMetalMaterials/Materials/Textures/T_36_Specular.tga using Guid(f0227a91a3a34cf459bf745bb80cc352) Importer(815301076,1909f56bfc062723c751e8b465ee728b)  -> (artifact id: '2897c87bd9f932349e7fe2ff3d8429ba') in 0.013650 seconds
  Import took 0.018296 seconds .

========================================================================
Received Import Request.
  Time since last request: 0.000316 seconds.
  path: Assets/YughuesFreeMetalMaterials/Materials/Textures/T_35_Specular.tga
  artifactKey: Guid(d5f16c147d28ac84ea736b0c41958bfb) Importer(815301076,1909f56bfc062723c751e8b465ee728b)
Start importing Assets/YughuesFreeMetalMaterials/Materials/Textures/T_35_Specular.tga using Guid(d5f16c147d28ac84ea736b0c41958bfb) Importer(815301076,1909f56bfc062723c751e8b465ee728b)  -> (artifact id: '72ea9571e1beaf493b95dce21e9a5e48') in 0.014314 seconds
  Import took 0.018237 seconds .

========================================================================
Received Import Request.
  Time since last request: 0.000304 seconds.
  path: Assets/YughuesFreeMetalMaterials/Materials/Textures/T_35_Diffuse.tga
  artifactKey: Guid(7c1d65d497687d64c9db74501b19ccf8) Importer(815301076,1909f56bfc062723c751e8b465ee728b)
Start importing Assets/YughuesFreeMetalMaterials/Materials/Textures/T_35_Diffuse.tga using Guid(7c1d65d497687d64c9db74501b19ccf8) Importer(815301076,1909f56bfc062723c751e8b465ee728b)  -> (artifact id: '1020c3ac1a25fcae93eb75317e9f1a1b') in 0.012208 seconds
  Import took 0.016152 seconds .

========================================================================
Received Import Request.
  Time since last request: 0.000234 seconds.
  path: Assets/YughuesFreeMetalMaterials/Materials/Textures/T_37_Normal.tga
  artifactKey: Guid(99b90d66a3c01c149a95efb7fa1070ab) Importer(815301076,1909f56bfc062723c751e8b465ee728b)
Start importing Assets/YughuesFreeMetalMaterials/Materials/Textures/T_37_Normal.tga using Guid(99b90d66a3c01c149a95efb7fa1070ab) Importer(815301076,1909f56bfc062723c751e8b465ee728b)  -> (artifact id: 'a99d7c9c4cf0d24be638be2679657454') in 0.017988 seconds
  Import took 0.022537 seconds .

========================================================================
Received Import Request.
  Time since last request: 0.000417 seconds.
  path: Assets/YughuesFreeMetalMaterials/Materials/Textures/T_42_Normal.tga
  artifactKey: Guid(493af587c9e82b147946bdb27bfaaafd) Importer(815301076,1909f56bfc062723c751e8b465ee728b)
Start importing Assets/YughuesFreeMetalMaterials/Materials/Textures/T_42_Normal.tga using Guid(493af587c9e82b147946bdb27bfaaafd) Importer(815301076,1909f56bfc062723c751e8b465ee728b)  -> (artifact id: 'ac94539c50328f2b36cb44c182516a52') in 0.015883 seconds
  Import took 0.019249 seconds .

========================================================================
Received Import Request.
  Time since last request: 0.000275 seconds.
  path: Assets/YughuesFreeMetalMaterials/Materials/Textures/T_38_Diffuse.tga
  artifactKey: Guid(9a1b6d5ae0baac0468a752a11214c0d6) Importer(815301076,1909f56bfc062723c751e8b465ee728b)
Start importing Assets/YughuesFreeMetalMaterials/Materials/Textures/T_38_Diffuse.tga using Guid(9a1b6d5ae0baac0468a752a11214c0d6) Importer(815301076,1909f56bfc062723c751e8b465ee728b)  -> (artifact id: 'c39217f0e591263d45ee9066cc54f73f') in 0.014953 seconds
  Import took 0.018115 seconds .

========================================================================
Received Import Request.
  Time since last request: 0.000214 seconds.
  path: Assets/YughuesFreeMetalMaterials/Materials/Textures/T_30_Diffuse.tga
  artifactKey: Guid(6612a81492f80c143801fcb059874cea) Importer(815301076,1909f56bfc062723c751e8b465ee728b)
Start importing Assets/YughuesFreeMetalMaterials/Materials/Textures/T_30_Diffuse.tga using Guid(6612a81492f80c143801fcb059874cea) Importer(815301076,1909f56bfc062723c751e8b465ee728b)  -> (artifact id: '45a6e72ace50705f1511928f057de72c') in 0.013191 seconds
  Import took 0.016425 seconds .

========================================================================
Received Import Request.
  Time since last request: 0.000420 seconds.
  path: Assets/YughuesFreeMetalMaterials/Materials/Textures/T_33_Normal.tga
  artifactKey: Guid(6efa5bd4c9b0d8a4c98eb99feafec635) Importer(815301076,1909f56bfc062723c751e8b465ee728b)
Start importing Assets/YughuesFreeMetalMaterials/Materials/Textures/T_33_Normal.tga using Guid(6efa5bd4c9b0d8a4c98eb99feafec635) Importer(815301076,1909f56bfc062723c751e8b465ee728b)  -> (artifact id: '67b724acb7607c0e47c9579d96c576a3') in 0.014273 seconds
  Import took 0.018929 seconds .

========================================================================
Received Import Request.
  Time since last request: 0.000381 seconds.
  path: Assets/YughuesFreeMetalMaterials/Materials/Textures/T_30_Normal.tga
  artifactKey: Guid(4d8c6a56a528ca742b355ee5b85e7514) Importer(815301076,1909f56bfc062723c751e8b465ee728b)
Start importing Assets/YughuesFreeMetalMaterials/Materials/Textures/T_30_Normal.tga using Guid(4d8c6a56a528ca742b355ee5b85e7514) Importer(815301076,1909f56bfc062723c751e8b465ee728b)  -> (artifact id: 'b39a407d4fd84341ee6eab7d2e23f529') in 0.013843 seconds
  Import took 0.017325 seconds .

========================================================================
Received Import Request.
  Time since last request: 0.000369 seconds.
  path: Assets/YughuesFreeMetalMaterials/Materials/Textures/T_32_Normal.tga
  artifactKey: Guid(2c1a4f21c19d4044eb1a16365b2ee5c2) Importer(815301076,1909f56bfc062723c751e8b465ee728b)
Start importing Assets/YughuesFreeMetalMaterials/Materials/Textures/T_32_Normal.tga using Guid(2c1a4f21c19d4044eb1a16365b2ee5c2) Importer(815301076,1909f56bfc062723c751e8b465ee728b)  -> (artifact id: 'd152774d27a11f0c03940999ba8843ea') in 0.019877 seconds
  Import took 0.023774 seconds .

========================================================================
Received Import Request.
  Time since last request: 0.000310 seconds.
  path: Assets/YughuesFreeMetalMaterials/Materials/Textures/T_32_Specular.tga
  artifactKey: Guid(a56680fa333c9894ba111daea6d1c386) Importer(815301076,1909f56bfc062723c751e8b465ee728b)
Start importing Assets/YughuesFreeMetalMaterials/Materials/Textures/T_32_Specular.tga using Guid(a56680fa333c9894ba111daea6d1c386) Importer(815301076,1909f56bfc062723c751e8b465ee728b)  -> (artifact id: '1d44463bc49e34fa80365038816a09fb') in 0.014688 seconds
  Import took 0.019166 seconds .

========================================================================
Received Import Request.
  Time since last request: 0.000383 seconds.
  path: Assets/YughuesFreeMetalMaterials/Materials/Textures/T_37_Specular.tga
  artifactKey: Guid(0182e461824e4f54798ad0a99fdd7f72) Importer(815301076,1909f56bfc062723c751e8b465ee728b)
Start importing Assets/YughuesFreeMetalMaterials/Materials/Textures/T_37_Specular.tga using Guid(0182e461824e4f54798ad0a99fdd7f72) Importer(815301076,1909f56bfc062723c751e8b465ee728b)  -> (artifact id: '8f6323eda877441ad6ed936085c262ef') in 0.015701 seconds
  Import took 0.018880 seconds .

========================================================================
Received Import Request.
  Time since last request: 0.000319 seconds.
  path: Assets/YughuesFreeMetalMaterials/Materials/Textures/T_34_Diffuse.tga
  artifactKey: Guid(48767341f44caab40ac1a920878bb23c) Importer(815301076,1909f56bfc062723c751e8b465ee728b)
Start importing Assets/YughuesFreeMetalMaterials/Materials/Textures/T_34_Diffuse.tga using Guid(48767341f44caab40ac1a920878bb23c) Importer(815301076,1909f56bfc062723c751e8b465ee728b)  -> (artifact id: '5a6eab9c59b7b9276484bbb8fc5196fe') in 0.014430 seconds
  Import took 0.017488 seconds .

========================================================================
Received Import Request.
  Time since last request: 0.000306 seconds.
  path: Assets/YughuesFreeMetalMaterials/Materials/Textures/T_39_Diffuse.tga
  artifactKey: Guid(858edb10117ddc24a805151cb8bb53ff) Importer(815301076,1909f56bfc062723c751e8b465ee728b)
Start importing Assets/YughuesFreeMetalMaterials/Materials/Textures/T_39_Diffuse.tga using Guid(858edb10117ddc24a805151cb8bb53ff) Importer(815301076,1909f56bfc062723c751e8b465ee728b)  -> (artifact id: 'c727ff46aba6bfeeb6cc790126858a4d') in 0.013972 seconds
  Import took 0.018303 seconds .

========================================================================
Received Import Request.
  Time since last request: 0.000495 seconds.
  path: Assets/YughuesFreeMetalMaterials/Materials/Textures/T_34_Specular.tga
  artifactKey: Guid(fae9099faa12be6468a76d4bcb852bf7) Importer(815301076,1909f56bfc062723c751e8b465ee728b)
Start importing Assets/YughuesFreeMetalMaterials/Materials/Textures/T_34_Specular.tga using Guid(fae9099faa12be6468a76d4bcb852bf7) Importer(815301076,1909f56bfc062723c751e8b465ee728b)  -> (artifact id: '2fea158d7a1707e17aa1a89823a7c622') in 0.013770 seconds
  Import took 0.017446 seconds .

========================================================================
Received Import Request.
  Time since last request: 0.000223 seconds.
  path: Assets/YughuesFreeMetalMaterials/Materials/Textures/T_35_Normal.tga
  artifactKey: Guid(47559ced24a29b9428ba59951a3b02bc) Importer(815301076,1909f56bfc062723c751e8b465ee728b)
Start importing Assets/YughuesFreeMetalMaterials/Materials/Textures/T_35_Normal.tga using Guid(47559ced24a29b9428ba59951a3b02bc) Importer(815301076,1909f56bfc062723c751e8b465ee728b)  -> (artifact id: '76c683a7e06ab217c8c6f698c7184571') in 0.015848 seconds
  Import took 0.019865 seconds .

========================================================================
Received Import Request.
  Time since last request: 0.000429 seconds.
  path: Assets/YughuesFreeMetalMaterials/Materials/Textures/T_41_Diffuse.tga
  artifactKey: Guid(a0b96b9edbb3a904a8d6b544881f4b0c) Importer(815301076,1909f56bfc062723c751e8b465ee728b)
Start importing Assets/YughuesFreeMetalMaterials/Materials/Textures/T_41_Diffuse.tga using Guid(a0b96b9edbb3a904a8d6b544881f4b0c) Importer(815301076,1909f56bfc062723c751e8b465ee728b)  -> (artifact id: '003d36239188e53f2f3aa74a0208fa2b') in 0.011969 seconds
  Import took 0.016785 seconds .

========================================================================
Received Import Request.
  Time since last request: 0.000269 seconds.
  path: Assets/YughuesFreeMetalMaterials/Materials/Textures/T_38_Normal.tga
  artifactKey: Guid(ff112d4d8095778409870405738d14f6) Importer(815301076,1909f56bfc062723c751e8b465ee728b)
Start importing Assets/YughuesFreeMetalMaterials/Materials/Textures/T_38_Normal.tga using Guid(ff112d4d8095778409870405738d14f6) Importer(815301076,1909f56bfc062723c751e8b465ee728b)  -> (artifact id: '1c309bab31b4f240fa51e370899470d2') in 0.013508 seconds
  Import took 0.017797 seconds .

========================================================================
Received Import Request.
  Time since last request: 0.000277 seconds.
  path: Assets/YughuesFreeMetalMaterials/Materials/Textures/T_40_Specular.tga
  artifactKey: Guid(ee3155f5d3a484044953d855fd5f0843) Importer(815301076,1909f56bfc062723c751e8b465ee728b)
Start importing Assets/YughuesFreeMetalMaterials/Materials/Textures/T_40_Specular.tga using Guid(ee3155f5d3a484044953d855fd5f0843) Importer(815301076,1909f56bfc062723c751e8b465ee728b)  -> (artifact id: '63014e6515ee2796e1bb1a97076e709d') in 0.014451 seconds
  Import took 0.017964 seconds .

========================================================================
Received Import Request.
  Time since last request: 0.000270 seconds.
  path: Assets/YughuesFreeMetalMaterials/Materials/Textures/T_31_Diffuse.tga
  artifactKey: Guid(45327f0d326c97f4f884bf345d710f7e) Importer(815301076,1909f56bfc062723c751e8b465ee728b)
Start importing Assets/YughuesFreeMetalMaterials/Materials/Textures/T_31_Diffuse.tga using Guid(45327f0d326c97f4f884bf345d710f7e) Importer(815301076,1909f56bfc062723c751e8b465ee728b)  -> (artifact id: 'e225a85e428c3fff04dcecec60923a84') in 0.019136 seconds
  Import took 0.022697 seconds .

========================================================================
Received Import Request.
  Time since last request: 0.000316 seconds.
  path: Assets/YughuesFreeMetalMaterials/Materials/Textures/T_38_Specular.tga
  artifactKey: Guid(31da0e9d4e721be4ca16edb93d39a93d) Importer(815301076,1909f56bfc062723c751e8b465ee728b)
Start importing Assets/YughuesFreeMetalMaterials/Materials/Textures/T_38_Specular.tga using Guid(31da0e9d4e721be4ca16edb93d39a93d) Importer(815301076,1909f56bfc062723c751e8b465ee728b)  -> (artifact id: '703f55bd351ead3eb370f428c06e14c9') in 0.014574 seconds
  Import took 0.018394 seconds .

========================================================================
Received Import Request.
  Time since last request: 0.000287 seconds.
  path: Assets/YughuesFreeMetalMaterials/Materials/Textures/T_33_Diffuse.tga
  artifactKey: Guid(3616af53dd0659648b71cb468bf03d44) Importer(815301076,1909f56bfc062723c751e8b465ee728b)
Start importing Assets/YughuesFreeMetalMaterials/Materials/Textures/T_33_Diffuse.tga using Guid(3616af53dd0659648b71cb468bf03d44) Importer(815301076,1909f56bfc062723c751e8b465ee728b)  -> (artifact id: 'c079a85260cf290acd2486e1bd6a8116') in 0.013348 seconds
  Import took 0.017575 seconds .

========================================================================
Received Import Request.
  Time since last request: 0.000328 seconds.
  path: Assets/YughuesFreeMetalMaterials/Materials/Textures/T_31_Normal.tga
  artifactKey: Guid(79a144edbc721134e96d8c6b78287024) Importer(815301076,1909f56bfc062723c751e8b465ee728b)
Start importing Assets/YughuesFreeMetalMaterials/Materials/Textures/T_31_Normal.tga using Guid(79a144edbc721134e96d8c6b78287024) Importer(815301076,1909f56bfc062723c751e8b465ee728b)  -> (artifact id: '771b09966d99550b88cc503df68f7573') in 0.034978 seconds
  Import took 0.039965 seconds .

========================================================================
Received Import Request.
  Time since last request: 0.000274 seconds.
  path: Assets/YughuesFreeMetalMaterials/Materials/Textures/T_32_Diffuse.tga
  artifactKey: Guid(ca4ea6523c57b804492b6ea25083411b) Importer(815301076,1909f56bfc062723c751e8b465ee728b)
Start importing Assets/YughuesFreeMetalMaterials/Materials/Textures/T_32_Diffuse.tga using Guid(ca4ea6523c57b804492b6ea25083411b) Importer(815301076,1909f56bfc062723c751e8b465ee728b)  -> (artifact id: '421fdfe5687a831f4efa309b368ddc1d') in 0.013757 seconds
  Import took 0.017773 seconds .

========================================================================
Received Import Request.
  Time since last request: 0.000324 seconds.
  path: Assets/YughuesFreeMetalMaterials/Materials/Textures/T_36_Diffuse.tga
  artifactKey: Guid(048117a1d65d06446b690db21b8598e1) Importer(815301076,1909f56bfc062723c751e8b465ee728b)
Start importing Assets/YughuesFreeMetalMaterials/Materials/Textures/T_36_Diffuse.tga using Guid(048117a1d65d06446b690db21b8598e1) Importer(815301076,1909f56bfc062723c751e8b465ee728b)  -> (artifact id: 'c1fa71ed270434f0953239537093e718') in 0.014805 seconds
  Import took 0.018562 seconds .

========================================================================
Received Import Request.
  Time since last request: 0.000407 seconds.
  path: Assets/YughuesFreeMetalMaterials/Materials/Textures/T_36_Normal.tga
  artifactKey: Guid(3badc406faf9e4e4f99f9aa4f996a88e) Importer(815301076,1909f56bfc062723c751e8b465ee728b)
Start importing Assets/YughuesFreeMetalMaterials/Materials/Textures/T_36_Normal.tga using Guid(3badc406faf9e4e4f99f9aa4f996a88e) Importer(815301076,1909f56bfc062723c751e8b465ee728b)  -> (artifact id: 'bbbbacbed57bdf0bccdbc6387e52dbc4') in 0.013672 seconds
  Import took 0.016820 seconds .

========================================================================
Received Import Request.
  Time since last request: 0.000247 seconds.
  path: Assets/YughuesFreeMetalMaterials/Materials/Textures/T_40_Normal.tga
  artifactKey: Guid(0641f934232d8914ea2e2479cf4c0939) Importer(815301076,1909f56bfc062723c751e8b465ee728b)
Start importing Assets/YughuesFreeMetalMaterials/Materials/Textures/T_40_Normal.tga using Guid(0641f934232d8914ea2e2479cf4c0939) Importer(815301076,1909f56bfc062723c751e8b465ee728b)  -> (artifact id: '4fc8dc9ef8b3befa420c1928ffbc2fdb') in 0.012795 seconds
  Import took 0.016886 seconds .

========================================================================
Received Import Request.
  Time since last request: 0.000247 seconds.
  path: Assets/YughuesFreeMetalMaterials/Materials/Textures/T_39_Specular.tga
  artifactKey: Guid(f2a8ab14dca00204884e746b5744858a) Importer(815301076,1909f56bfc062723c751e8b465ee728b)
Start importing Assets/YughuesFreeMetalMaterials/Materials/Textures/T_39_Specular.tga using Guid(f2a8ab14dca00204884e746b5744858a) Importer(815301076,1909f56bfc062723c751e8b465ee728b)  -> (artifact id: '88f63e0cb920b2515f929ce29eb65fa0') in 0.013638 seconds
  Import took 0.017123 seconds .

========================================================================
Received Import Request.
  Time since last request: 0.000325 seconds.
  path: Assets/YughuesFreeMetalMaterials/Materials/Textures/T_40_Diffuse.tga
  artifactKey: Guid(7291e3e19509b2e46a6f452a104360f6) Importer(815301076,1909f56bfc062723c751e8b465ee728b)
Start importing Assets/YughuesFreeMetalMaterials/Materials/Textures/T_40_Diffuse.tga using Guid(7291e3e19509b2e46a6f452a104360f6) Importer(815301076,1909f56bfc062723c751e8b465ee728b)  -> (artifact id: '005f6ddedfc94583238c8dbb4b211470') in 0.013283 seconds
  Import took 0.017025 seconds .

========================================================================
Received Import Request.
  Time since last request: 0.000231 seconds.
  path: Assets/YughuesFreeMetalMaterials/Materials/Textures/T_29_Specular.tga
  artifactKey: Guid(e4302bec91d4bb647bc25b8b81f9a9fc) Importer(815301076,1909f56bfc062723c751e8b465ee728b)
Start importing Assets/YughuesFreeMetalMaterials/Materials/Textures/T_29_Specular.tga using Guid(e4302bec91d4bb647bc25b8b81f9a9fc) Importer(815301076,1909f56bfc062723c751e8b465ee728b)  -> (artifact id: 'e1486b69fc87eda7bdf2320ed89d5c7f') in 0.013777 seconds
  Import took 0.016715 seconds .

========================================================================
Received Import Request.
  Time since last request: 0.000318 seconds.
  path: Assets/YughuesFreeMetalMaterials/Materials/Textures/T_39_Normal.tga
  artifactKey: Guid(5a896725211d8bb4396e6539cb2ab3b4) Importer(815301076,1909f56bfc062723c751e8b465ee728b)
Start importing Assets/YughuesFreeMetalMaterials/Materials/Textures/T_39_Normal.tga using Guid(5a896725211d8bb4396e6539cb2ab3b4) Importer(815301076,1909f56bfc062723c751e8b465ee728b)  -> (artifact id: '7116cd50250cee76b92f990c83c80f6e') in 0.012699 seconds
  Import took 0.016782 seconds .

========================================================================
Received Import Request.
  Time since last request: 0.000319 seconds.
  path: Assets/YughuesFreeMetalMaterials/Materials/Textures/T_41_Normal.tga
  artifactKey: Guid(d9dbacc028e656049949af84c56a4e64) Importer(815301076,1909f56bfc062723c751e8b465ee728b)
Start importing Assets/YughuesFreeMetalMaterials/Materials/Textures/T_41_Normal.tga using Guid(d9dbacc028e656049949af84c56a4e64) Importer(815301076,1909f56bfc062723c751e8b465ee728b)  -> (artifact id: 'd5c1139f83034e781bd806bd88c316d7') in 0.014237 seconds
  Import took 0.019127 seconds .

========================================================================
Received Import Request.
  Time since last request: 0.000274 seconds.
  path: Assets/YughuesFreeMetalMaterials/Materials/Textures/T_42_Diffuse.tga
  artifactKey: Guid(0649bd1fe217dd24cb6ebbb0b5cb2d6d) Importer(815301076,1909f56bfc062723c751e8b465ee728b)
Start importing Assets/YughuesFreeMetalMaterials/Materials/Textures/T_42_Diffuse.tga using Guid(0649bd1fe217dd24cb6ebbb0b5cb2d6d) Importer(815301076,1909f56bfc062723c751e8b465ee728b)  -> (artifact id: '328d10ef743e82369b73d6800b1423dd') in 0.012925 seconds
  Import took 0.018740 seconds .

========================================================================
Received Import Request.
  Time since last request: 0.000367 seconds.
  path: Assets/YughuesFreeMetalMaterials/Materials/Textures/T_41_Specular.tga
  artifactKey: Guid(05f26edba3a3bc34d938d1de68119378) Importer(815301076,1909f56bfc062723c751e8b465ee728b)
Start importing Assets/YughuesFreeMetalMaterials/Materials/Textures/T_41_Specular.tga using Guid(05f26edba3a3bc34d938d1de68119378) Importer(815301076,1909f56bfc062723c751e8b465ee728b)  -> (artifact id: 'd5db78799691fa0a45ccdbd077cbcb81') in 0.011681 seconds
  Import took 0.016311 seconds .

========================================================================
Received Import Request.
  Time since last request: 0.000262 seconds.
  path: Assets/YughuesFreeMetalMaterials/Materials/Textures/T_33_Specular.tga
  artifactKey: Guid(2f8736d3b14d57248aa4deb116b93d32) Importer(815301076,1909f56bfc062723c751e8b465ee728b)
Start importing Assets/YughuesFreeMetalMaterials/Materials/Textures/T_33_Specular.tga using Guid(2f8736d3b14d57248aa4deb116b93d32) Importer(815301076,1909f56bfc062723c751e8b465ee728b)  -> (artifact id: '4a7c249feeb60557d403083e38d27057') in 0.014338 seconds
  Import took 0.018182 seconds .

========================================================================
Received Prepare
Registering precompiled user dll's ...
Registered in 0.003341 seconds.
Begin MonoManager ReloadAssembly
Native extension for WindowsStandalone target not found
Native extension for WebGL target not found
Refreshing native plugins compatible for Editor in 0.37 ms, found 2 plugins.
Preloading 0 native plugins for Editor in 0.00 ms.
Mono: successfully reloaded assembly
- Completed reload, in  1.024 seconds
Platform modules already initialized, skipping
Refreshing native plugins compatible for Editor in 0.44 ms, found 2 plugins.
Preloading 0 native plugins for Editor in 0.00 ms.
Unloading 1734 Unused Serialized files (Serialized files now loaded: 0)
System memory in use before: 89.6 MB.
System memory in use after: 89.7 MB.

Unloading 14 unused Assets to reduce memory usage. Loaded Objects now: 2251.
Total: 2.724300 ms (FindLiveObjects: 0.197500 ms CreateObjectMapping: 0.058800 ms MarkObjects: 2.350300 ms  DeleteObjects: 0.116800 ms)

========================================================================
Received Import Request.
  Time since last request: 223.536281 seconds.
  path: Assets/Scripts/HighestScore.cs
  artifactKey: Guid(0edb27b20988ddb4f8e5bc41e20e9cb6) Importer(815301076,1909f56bfc062723c751e8b465ee728b)
Start importing Assets/Scripts/HighestScore.cs using Guid(0edb27b20988ddb4f8e5bc41e20e9cb6) Importer(815301076,1909f56bfc062723c751e8b465ee728b)  -> (artifact id: '8428eb871f7e486cd3145ddd2d480fcd') in 0.018453 seconds
  Import took 0.022349 seconds .

========================================================================
Received Prepare
Registering precompiled user dll's ...
Registered in 0.004231 seconds.
Begin MonoManager ReloadAssembly
Native extension for WindowsStandalone target not found
Native extension for WebGL target not found
Refreshing native plugins compatible for Editor in 0.40 ms, found 2 plugins.
Preloading 0 native plugins for Editor in 0.00 ms.
Mono: successfully reloaded assembly
- Completed reload, in  1.380 seconds
Platform modules already initialized, skipping
Refreshing native plugins compatible for Editor in 0.49 ms, found 2 plugins.
Preloading 0 native plugins for Editor in 0.00 ms.
Unloading 1734 Unused Serialized files (Serialized files now loaded: 0)
System memory in use before: 89.7 MB.
System memory in use after: 89.8 MB.

Unloading 14 unused Assets to reduce memory usage. Loaded Objects now: 2254.
Total: 3.285100 ms (FindLiveObjects: 0.195100 ms CreateObjectMapping: 0.102000 ms MarkObjects: 2.850400 ms  DeleteObjects: 0.136200 ms)

========================================================================
Received Import Request.
  Time since last request: 57.017939 seconds.
  path: Assets/Scripts/HighestScore.cs
  artifactKey: Guid(0edb27b20988ddb4f8e5bc41e20e9cb6) Importer(815301076,1909f56bfc062723c751e8b465ee728b)
Start importing Assets/Scripts/HighestScore.cs using Guid(0edb27b20988ddb4f8e5bc41e20e9cb6) Importer(815301076,1909f56bfc062723c751e8b465ee728b)  -> (artifact id: 'de63826339e1ee52834c0e3c4b1bd315') in 0.008506 seconds
  Import took 0.012712 seconds .

========================================================================
Received Prepare
Registering precompiled user dll's ...
Registered in 0.004349 seconds.
Begin MonoManager ReloadAssembly
Native extension for WindowsStandalone target not found
Native extension for WebGL target not found
Refreshing native plugins compatible for Editor in 0.55 ms, found 2 plugins.
Preloading 0 native plugins for Editor in 0.00 ms.
Mono: successfully reloaded assembly
- Completed reload, in  1.326 seconds
Platform modules already initialized, skipping
Refreshing native plugins compatible for Editor in 0.71 ms, found 2 plugins.
Preloading 0 native plugins for Editor in 0.00 ms.
Unloading 1734 Unused Serialized files (Serialized files now loaded: 0)
System memory in use before: 89.7 MB.
System memory in use after: 89.8 MB.

Unloading 14 unused Assets to reduce memory usage. Loaded Objects now: 2257.
Total: 3.627400 ms (FindLiveObjects: 0.379800 ms CreateObjectMapping: 0.251900 ms MarkObjects: 2.758400 ms  DeleteObjects: 0.235700 ms)

========================================================================
Received Prepare
Refreshing native plugins compatible for Editor in 10.75 ms, found 2 plugins.
Preloading 0 native plugins for Editor in 0.00 ms.
Unloading 12 Unused Serialized files (Serialized files now loaded: 0)
System memory in use before: 55.7 MB.
System memory in use after: 55.7 MB.

Unloading 12 unused Assets to reduce memory usage. Loaded Objects now: 2257.
Total: 238.558500 ms (FindLiveObjects: 0.315100 ms CreateObjectMapping: 0.120200 ms MarkObjects: 238.035800 ms  DeleteObjects: 0.085900 ms)

========================================================================
Received Prepare
Registering precompiled user dll's ...
Registered in 0.002756 seconds.
Begin MonoManager ReloadAssembly
Native extension for WindowsStandalone target not found
Native extension for WebGL target not found
Refreshing native plugins compatible for Editor in 0.42 ms, found 2 plugins.
Preloading 0 native plugins for Editor in 0.00 ms.
Mono: successfully reloaded assembly
- Completed reload, in  1.111 seconds
Platform modules already initialized, skipping
Refreshing native plugins compatible for Editor in 0.69 ms, found 2 plugins.
Preloading 0 native plugins for Editor in 0.00 ms.
Unloading 1734 Unused Serialized files (Serialized files now loaded: 0)
System memory in use before: 89.7 MB.
System memory in use after: 89.8 MB.

Unloading 14 unused Assets to reduce memory usage. Loaded Objects now: 2260.
Total: 3.186100 ms (FindLiveObjects: 0.361100 ms CreateObjectMapping: 0.088600 ms MarkObjects: 2.610600 ms  DeleteObjects: 0.124500 ms)

========================================================================
Received Prepare
Refreshing native plugins compatible for Editor in 3.54 ms, found 2 plugins.
Preloading 0 native plugins for Editor in 0.00 ms.
Unloading 12 Unused Serialized files (Serialized files now loaded: 0)
System memory in use before: 55.7 MB.
System memory in use after: 55.8 MB.

Unloading 12 unused Assets to reduce memory usage. Loaded Objects now: 2260.
Total: 4.322300 ms (FindLiveObjects: 0.353400 ms CreateObjectMapping: 0.142700 ms MarkObjects: 3.705100 ms  DeleteObjects: 0.119100 ms)

========================================================================
Received Prepare
Refreshing native plugins compatible for Editor in 3.91 ms, found 2 plugins.
Preloading 0 native plugins for Editor in 0.00 ms.
Unloading 12 Unused Serialized files (Serialized files now loaded: 0)
System memory in use before: 55.7 MB.
System memory in use after: 55.8 MB.

Unloading 12 unused Assets to reduce memory usage. Loaded Objects now: 2260.
Total: 3.136900 ms (FindLiveObjects: 0.250100 ms CreateObjectMapping: 0.088700 ms MarkObjects: 2.708300 ms  DeleteObjects: 0.088400 ms)

========================================================================
Received Prepare
Refreshing native plugins compatible for Editor in 4.15 ms, found 2 plugins.
Preloading 0 native plugins for Editor in 0.00 ms.
Unloading 12 Unused Serialized files (Serialized files now loaded: 0)
System memory in use before: 55.7 MB.
System memory in use after: 55.8 MB.

Unloading 12 unused Assets to reduce memory usage. Loaded Objects now: 2260.
Total: 3.038600 ms (FindLiveObjects: 0.288400 ms CreateObjectMapping: 0.094800 ms MarkObjects: 2.590300 ms  DeleteObjects: 0.063400 ms)

========================================================================
Received Import Request.
  Time since last request: 1739.226228 seconds.
  path: Assets/DISKAOU GAME STUDIOS (WALLPAPER).png
  artifactKey: Guid(6e75a25e1fb041740af9e8b3c809ef10) Importer(815301076,1909f56bfc062723c751e8b465ee728b)
Start importing Assets/DISKAOU GAME STUDIOS (WALLPAPER).png using Guid(6e75a25e1fb041740af9e8b3c809ef10) Importer(815301076,1909f56bfc062723c751e8b465ee728b)  -> (artifact id: '4379d79296313c428e86916edabb99f5') in 0.078473 seconds
  Import took 0.109741 seconds .

========================================================================
Received Prepare
Registering precompiled user dll's ...
Registered in 0.007059 seconds.
Begin MonoManager ReloadAssembly
Native extension for WindowsStandalone target not found
Native extension for WebGL target not found
Refreshing native plugins compatible for Editor in 0.42 ms, found 2 plugins.
Preloading 0 native plugins for Editor in 0.00 ms.
[ScriptCompilation] NOT recompiling all scripts because this is an import worker process. Reason to compile was: Define symbols changed
Mono: successfully reloaded assembly
- Completed reload, in  2.028 seconds
Platform modules already initialized, skipping
Refreshing native plugins compatible for Editor in 0.46 ms, found 2 plugins.
Preloading 0 native plugins for Editor in 0.00 ms.
Unloading 1854 Unused Serialized files (Serialized files now loaded: 0)
System memory in use before: 97.6 MB.
System memory in use after: 95.6 MB.

Unloading 41 unused Assets to reduce memory usage. Loaded Objects now: 2356.
Total: 2.868800 ms (FindLiveObjects: 0.186900 ms CreateObjectMapping: 0.053700 ms MarkObjects: 1.950000 ms  DeleteObjects: 0.677200 ms)

========================================================================
Received Import Request.
  Time since last request: 263.684490 seconds.
  path: Assets/Scenes/Scene_Game_Profiles/Post-process Volume Profile.asset
  artifactKey: Guid(d43ae17d43d922f4a8a2816e51f8233d) Importer(815301076,1909f56bfc062723c751e8b465ee728b)
Start importing Assets/Scenes/Scene_Game_Profiles/Post-process Volume Profile.asset using Guid(d43ae17d43d922f4a8a2816e51f8233d) Importer(815301076,1909f56bfc062723c751e8b465ee728b)  -> (artifact id: '24c41c60657ffd3ec612deecfc897a5c') in 0.026916 seconds
  Import took 0.031109 seconds .

========================================================================
Received Import Request.
  Time since last request: 6.075306 seconds.
  path: Assets/Scenes/Scene_Game_Profiles/Post-process Volume Profile.asset
  artifactKey: Guid(d43ae17d43d922f4a8a2816e51f8233d) Importer(815301076,1909f56bfc062723c751e8b465ee728b)
Start importing Assets/Scenes/Scene_Game_Profiles/Post-process Volume Profile.asset using Guid(d43ae17d43d922f4a8a2816e51f8233d) Importer(815301076,1909f56bfc062723c751e8b465ee728b)  -> (artifact id: '18177684a8ebc90ed13216c84f0961e7') in 0.016714 seconds
  Import took 0.020997 seconds .

========================================================================
Received Import Request.
  Time since last request: 11.357975 seconds.
  path: Assets/Scenes/Scene_Game_Profiles/Post-process Volume Profile.asset
  artifactKey: Guid(d43ae17d43d922f4a8a2816e51f8233d) Importer(815301076,1909f56bfc062723c751e8b465ee728b)
Start importing Assets/Scenes/Scene_Game_Profiles/Post-process Volume Profile.asset using Guid(d43ae17d43d922f4a8a2816e51f8233d) Importer(815301076,1909f56bfc062723c751e8b465ee728b)  -> (artifact id: 'f50fc5685c7a66e8951b88146c365794') in 0.009232 seconds
  Import took 0.013293 seconds .

========================================================================
Received Import Request.
  Time since last request: 77.309132 seconds.
  path: ProjectSettings/TagManager.asset
  artifactKey: Guid(00000000000000003000000000000000) Importer(815301076,1909f56bfc062723c751e8b465ee728b)
Start importing ProjectSettings/TagManager.asset using Guid(00000000000000003000000000000000) Importer(815301076,1909f56bfc062723c751e8b465ee728b)  -> (artifact id: '2d68868e10f3da257fca64ee97fd8e6a') in 0.008290 seconds
  Import took 0.014255 seconds .

========================================================================
Received Import Request.
  Time since last request: 121.700025 seconds.
  path: Assets/Scenes/Scene_Game_Profiles/Post-process Volume Profile.asset
  artifactKey: Guid(d43ae17d43d922f4a8a2816e51f8233d) Importer(815301076,1909f56bfc062723c751e8b465ee728b)
Start importing Assets/Scenes/Scene_Game_Profiles/Post-process Volume Profile.asset using Guid(d43ae17d43d922f4a8a2816e51f8233d) Importer(815301076,1909f56bfc062723c751e8b465ee728b)  -> (artifact id: '3427e871a5c36b473bd25b4cb44d3eba') in 0.006367 seconds
  Import took 0.013092 seconds .

========================================================================
Received Import Request.
  Time since last request: 135.212625 seconds.
  path: Assets/Scenes/Scene_Game_Profiles/Main Camera Profile.asset
  artifactKey: Guid(53562b813871c8743961e6584ec78363) Importer(815301076,1909f56bfc062723c751e8b465ee728b)
Start importing Assets/Scenes/Scene_Game_Profiles/Main Camera Profile.asset using Guid(53562b813871c8743961e6584ec78363) Importer(815301076,1909f56bfc062723c751e8b465ee728b)  -> (artifact id: '90b9602e895e0a41f98d63c3d3575a37') in 0.006851 seconds
  Import took 0.011765 seconds .

========================================================================
Received Import Request.
  Time since last request: 0.000311 seconds.
  path: Assets/Scenes/Scene_Game_Profiles/Post-process Volume Profile.asset
  artifactKey: Guid(d43ae17d43d922f4a8a2816e51f8233d) Importer(815301076,1909f56bfc062723c751e8b465ee728b)
Start importing Assets/Scenes/Scene_Game_Profiles/Post-process Volume Profile.asset using Guid(d43ae17d43d922f4a8a2816e51f8233d) Importer(815301076,1909f56bfc062723c751e8b465ee728b)  -> (artifact id: 'd7129658c8f792e356f8a4497a825276') in 0.007335 seconds
  Import took 0.011697 seconds .

========================================================================
Received Import Request.
  Time since last request: 7.523628 seconds.
  path: Assets/Scenes/Scene_Game_Profiles/Main Camera Profile.asset
  artifactKey: Guid(53562b813871c8743961e6584ec78363) Importer(815301076,1909f56bfc062723c751e8b465ee728b)
Start importing Assets/Scenes/Scene_Game_Profiles/Main Camera Profile.asset using Guid(53562b813871c8743961e6584ec78363) Importer(815301076,1909f56bfc062723c751e8b465ee728b)  -> (artifact id: '855ce44b127aede0463cab395893f632') in 0.009283 seconds
  Import took 0.015350 seconds .

========================================================================
Received Import Request.
  Time since last request: 47.823355 seconds.
  path: Assets/Scenes/Scene_Game_Profiles/Main Camera Profile.asset
  artifactKey: Guid(53562b813871c8743961e6584ec78363) Importer(815301076,1909f56bfc062723c751e8b465ee728b)
Start importing Assets/Scenes/Scene_Game_Profiles/Main Camera Profile.asset using Guid(53562b813871c8743961e6584ec78363) Importer(815301076,1909f56bfc062723c751e8b465ee728b)  -> (artifact id: '42f183f571424db2aad0ba24fb2521da') in 0.007094 seconds
  Import took 0.011028 seconds .

========================================================================
Received Import Request.
  Time since last request: 26.786766 seconds.
  path: Assets/Scenes/Scene_Game_Profiles/Main Camera Profile.asset
  artifactKey: Guid(53562b813871c8743961e6584ec78363) Importer(815301076,1909f56bfc062723c751e8b465ee728b)
Start importing Assets/Scenes/Scene_Game_Profiles/Main Camera Profile.asset using Guid(53562b813871c8743961e6584ec78363) Importer(815301076,1909f56bfc062723c751e8b465ee728b)  -> (artifact id: '8a24c1e95ec9e97c9781aab326ae22b4') in 0.008051 seconds
  Import took 0.012299 seconds .

========================================================================
Received Import Request.
  Time since last request: 43.951057 seconds.
  path: Assets/Scenes/Scene_Game_Profiles/Main Camera Profile.asset
  artifactKey: Guid(53562b813871c8743961e6584ec78363) Importer(815301076,1909f56bfc062723c751e8b465ee728b)
Start importing Assets/Scenes/Scene_Game_Profiles/Main Camera Profile.asset using Guid(53562b813871c8743961e6584ec78363) Importer(815301076,1909f56bfc062723c751e8b465ee728b)  -> (artifact id: 'c71ee961bbba6c5d7a3497d0f07e96ff') in 0.007130 seconds
  Import took 0.011489 seconds .

========================================================================
Received Prepare
Registering precompiled user dll's ...
Registered in 0.004269 seconds.
Begin MonoManager ReloadAssembly
Native extension for WindowsStandalone target not found
Native extension for WebGL target not found
Refreshing native plugins compatible for Editor in 0.54 ms, found 2 plugins.
Preloading 0 native plugins for Editor in 0.00 ms.
Mono: successfully reloaded assembly
- Completed reload, in  1.597 seconds
Platform modules already initialized, skipping
Refreshing native plugins compatible for Editor in 0.52 ms, found 2 plugins.
Preloading 0 native plugins for Editor in 0.00 ms.
Unloading 1854 Unused Serialized files (Serialized files now loaded: 0)
System memory in use before: 97.6 MB.
System memory in use after: 95.7 MB.

Unloading 42 unused Assets to reduce memory usage. Loaded Objects now: 2359.
Total: 5.019100 ms (FindLiveObjects: 0.553000 ms CreateObjectMapping: 0.148700 ms MarkObjects: 3.340300 ms  DeleteObjects: 0.972600 ms)

========================================================================
Received Import Request.
  Time since last request: 182.199472 seconds.
  path: Assets/Scenes/Scene_Game_Profiles/Main Camera Profile.asset
  artifactKey: Guid(53562b813871c8743961e6584ec78363) Importer(815301076,1909f56bfc062723c751e8b465ee728b)
Start importing Assets/Scenes/Scene_Game_Profiles/Main Camera Profile.asset using Guid(53562b813871c8743961e6584ec78363) Importer(815301076,1909f56bfc062723c751e8b465ee728b)  -> (artifact id: 'f9b04db88dfdf563a33eee0556507260') in 0.039137 seconds
  Import took 0.044121 seconds .

========================================================================
Received Import Request.
  Time since last request: 14.514548 seconds.
  path: Assets/Scenes/Scene_Game_Profiles/Main Camera Profile.asset
  artifactKey: Guid(53562b813871c8743961e6584ec78363) Importer(815301076,1909f56bfc062723c751e8b465ee728b)
Start importing Assets/Scenes/Scene_Game_Profiles/Main Camera Profile.asset using Guid(53562b813871c8743961e6584ec78363) Importer(815301076,1909f56bfc062723c751e8b465ee728b)  -> (artifact id: 'e07f2166d74d0bcf8b8d3027709de5fa') in 0.007357 seconds
  Import took 0.104267 seconds .

========================================================================
Received Import Request.
  Time since last request: 10.350742 seconds.
  path: Assets/Scenes/Scene_Game_Profiles/Main Camera Profile.asset
  artifactKey: Guid(53562b813871c8743961e6584ec78363) Importer(815301076,1909f56bfc062723c751e8b465ee728b)
Start importing Assets/Scenes/Scene_Game_Profiles/Main Camera Profile.asset using Guid(53562b813871c8743961e6584ec78363) Importer(815301076,1909f56bfc062723c751e8b465ee728b)  -> (artifact id: '9888cf977a9b8d21463a222fc1a1a7b5') in 0.006984 seconds
  Import took 0.010422 seconds .

========================================================================
Received Prepare
Registering precompiled user dll's ...
Registered in 0.005356 seconds.
Begin MonoManager ReloadAssembly
Native extension for WindowsStandalone target not found
Native extension for WebGL target not found
Refreshing native plugins compatible for Editor in 0.44 ms, found 2 plugins.
Preloading 0 native plugins for Editor in 0.00 ms.
Mono: successfully reloaded assembly
- Completed reload, in  1.094 seconds
Platform modules already initialized, skipping
Refreshing native plugins compatible for Editor in 0.48 ms, found 2 plugins.
Preloading 0 native plugins for Editor in 0.00 ms.
Unloading 1854 Unused Serialized files (Serialized files now loaded: 0)
System memory in use before: 97.6 MB.
System memory in use after: 95.7 MB.

Unloading 41 unused Assets to reduce memory usage. Loaded Objects now: 2362.
Total: 3.025700 ms (FindLiveObjects: 0.184700 ms CreateObjectMapping: 0.054600 ms MarkObjects: 2.053800 ms  DeleteObjects: 0.731700 ms)

========================================================================
Received Import Request.
  Time since last request: 59.086348 seconds.
  path: Assets/Scenes/Scene_Game_Profiles/Main Camera Profile.asset
  artifactKey: Guid(53562b813871c8743961e6584ec78363) Importer(815301076,1909f56bfc062723c751e8b465ee728b)
Start importing Assets/Scenes/Scene_Game_Profiles/Main Camera Profile.asset using Guid(53562b813871c8743961e6584ec78363) Importer(815301076,1909f56bfc062723c751e8b465ee728b)  -> (artifact id: 'e8141d6b579825ae1b8f0cffc0de4d0d') in 0.034596 seconds
  Import took 0.139941 seconds .

========================================================================
Received Prepare
Registering precompiled user dll's ...
Registered in 0.005312 seconds.
Begin MonoManager ReloadAssembly
Native extension for WindowsStandalone target not found
Native extension for WebGL target not found
Refreshing native plugins compatible for Editor in 0.46 ms, found 2 plugins.
Preloading 0 native plugins for Editor in 0.00 ms.
Mono: successfully reloaded assembly
- Completed reload, in  1.113 seconds
Platform modules already initialized, skipping
Refreshing native plugins compatible for Editor in 0.54 ms, found 2 plugins.
Preloading 0 native plugins for Editor in 0.00 ms.
Unloading 1854 Unused Serialized files (Serialized files now loaded: 0)
System memory in use before: 97.6 MB.
System memory in use after: 95.7 MB.

Unloading 41 unused Assets to reduce memory usage. Loaded Objects now: 2365.
Total: 2.936100 ms (FindLiveObjects: 0.171300 ms CreateObjectMapping: 0.058800 ms MarkObjects: 1.972500 ms  DeleteObjects: 0.732100 ms)

========================================================================
Received Import Request.
  Time since last request: 34.169741 seconds.
  path: Assets/Scenes/Scene_Game_Profiles/Main Camera Profile.asset
  artifactKey: Guid(53562b813871c8743961e6584ec78363) Importer(815301076,1909f56bfc062723c751e8b465ee728b)
Start importing Assets/Scenes/Scene_Game_Profiles/Main Camera Profile.asset using Guid(53562b813871c8743961e6584ec78363) Importer(815301076,1909f56bfc062723c751e8b465ee728b)  -> (artifact id: 'ff7ad47d4dbfd1d2d89b882417cf72f6') in 0.029437 seconds
  Import took 0.032714 seconds .

========================================================================
Received Import Request.
  Time since last request: 2.051574 seconds.
  path: Assets/Scenes/Scene_Game_Profiles/Main Camera Profile.asset
  artifactKey: Guid(53562b813871c8743961e6584ec78363) Importer(815301076,1909f56bfc062723c751e8b465ee728b)
Start importing Assets/Scenes/Scene_Game_Profiles/Main Camera Profile.asset using Guid(53562b813871c8743961e6584ec78363) Importer(815301076,1909f56bfc062723c751e8b465ee728b)  -> (artifact id: 'a7e740d5e3fbf22dabad899fa5fcb31f') in 0.016635 seconds
  Import took 0.021284 seconds .

========================================================================
Received Prepare
Registering precompiled user dll's ...
Registered in 0.005358 seconds.
Begin MonoManager ReloadAssembly
Native extension for WindowsStandalone target not found
Native extension for WebGL target not found
Refreshing native plugins compatible for Editor in 0.43 ms, found 2 plugins.
Preloading 0 native plugins for Editor in 0.00 ms.
Mono: successfully reloaded assembly
- Completed reload, in  1.073 seconds
Platform modules already initialized, skipping
Refreshing native plugins compatible for Editor in 0.50 ms, found 2 plugins.
Preloading 0 native plugins for Editor in 0.00 ms.
Unloading 1854 Unused Serialized files (Serialized files now loaded: 0)
System memory in use before: 97.7 MB.
System memory in use after: 95.7 MB.

Unloading 41 unused Assets to reduce memory usage. Loaded Objects now: 2368.
Total: 2.886800 ms (FindLiveObjects: 0.234200 ms CreateObjectMapping: 0.067800 ms MarkObjects: 1.859600 ms  DeleteObjects: 0.724000 ms)

========================================================================
Received Import Request.
  Time since last request: 18.986734 seconds.
  path: Assets/Scenes/Scene_Game_Profiles/Main Camera Profile.asset
  artifactKey: Guid(53562b813871c8743961e6584ec78363) Importer(815301076,1909f56bfc062723c751e8b465ee728b)
Start importing Assets/Scenes/Scene_Game_Profiles/Main Camera Profile.asset using Guid(53562b813871c8743961e6584ec78363) Importer(815301076,1909f56bfc062723c751e8b465ee728b)  -> (artifact id: '3bf71f5264d8c151c6cc63f444d3c645') in 0.031164 seconds
  Import took 0.034393 seconds .

========================================================================
Received Prepare
Registering precompiled user dll's ...
Registered in 0.006037 seconds.
Begin MonoManager ReloadAssembly
Native extension for WindowsStandalone target not found
Native extension for WebGL target not found
Refreshing native plugins compatible for Editor in 0.44 ms, found 2 plugins.
Preloading 0 native plugins for Editor in 0.00 ms.
Mono: successfully reloaded assembly
- Completed reload, in  1.138 seconds
Platform modules already initialized, skipping
Refreshing native plugins compatible for Editor in 0.48 ms, found 2 plugins.
Preloading 0 native plugins for Editor in 0.00 ms.
Unloading 1854 Unused Serialized files (Serialized files now loaded: 0)
System memory in use before: 97.7 MB.
System memory in use after: 95.7 MB.

Unloading 41 unused Assets to reduce memory usage. Loaded Objects now: 2371.
Total: 3.298800 ms (FindLiveObjects: 0.230400 ms CreateObjectMapping: 0.096300 ms MarkObjects: 2.217900 ms  DeleteObjects: 0.753100 ms)

========================================================================
Received Import Request.
  Time since last request: 74.767354 seconds.
  path: Assets/Scenes/Scene_Game_Profiles/Main Camera Profile.asset
  artifactKey: Guid(53562b813871c8743961e6584ec78363) Importer(815301076,1909f56bfc062723c751e8b465ee728b)
Start importing Assets/Scenes/Scene_Game_Profiles/Main Camera Profile.asset using Guid(53562b813871c8743961e6584ec78363) Importer(815301076,1909f56bfc062723c751e8b465ee728b)  -> (artifact id: '5b06a8758b97d1387547769a5ea7283b') in 0.030383 seconds
  Import took 0.033705 seconds .

========================================================================
Received Import Request.
  Time since last request: 37.593207 seconds.
  path: Assets/Scenes/Scene_Game_Profiles/Main Camera Profile.asset
  artifactKey: Guid(53562b813871c8743961e6584ec78363) Importer(815301076,1909f56bfc062723c751e8b465ee728b)
Start importing Assets/Scenes/Scene_Game_Profiles/Main Camera Profile.asset using Guid(53562b813871c8743961e6584ec78363) Importer(815301076,1909f56bfc062723c751e8b465ee728b)  -> (artifact id: '5b8bba67a356a23fd5c040c196a083fc') in 0.019181 seconds
  Import took 0.024421 seconds .

========================================================================
Received Prepare
Registering precompiled user dll's ...
Registered in 0.004508 seconds.
Begin MonoManager ReloadAssembly
Native extension for WindowsStandalone target not found
Native extension for WebGL target not found
Refreshing native plugins compatible for Editor in 0.44 ms, found 2 plugins.
Preloading 0 native plugins for Editor in 0.00 ms.
Mono: successfully reloaded assembly
- Completed reload, in  1.189 seconds
Platform modules already initialized, skipping
Refreshing native plugins compatible for Editor in 0.50 ms, found 2 plugins.
Preloading 0 native plugins for Editor in 0.00 ms.
Unloading 1854 Unused Serialized files (Serialized files now loaded: 0)
System memory in use before: 97.7 MB.
System memory in use after: 95.7 MB.

Unloading 41 unused Assets to reduce memory usage. Loaded Objects now: 2374.
Total: 3.175200 ms (FindLiveObjects: 0.188400 ms CreateObjectMapping: 0.073600 ms MarkObjects: 2.129900 ms  DeleteObjects: 0.781600 ms)

========================================================================
Received Import Request.
  Time since last request: 81.981052 seconds.
  path: Assets/Scenes/Scene_Game_Profiles/Main Camera Profile.asset
  artifactKey: Guid(53562b813871c8743961e6584ec78363) Importer(815301076,1909f56bfc062723c751e8b465ee728b)
Start importing Assets/Scenes/Scene_Game_Profiles/Main Camera Profile.asset using Guid(53562b813871c8743961e6584ec78363) Importer(815301076,1909f56bfc062723c751e8b465ee728b)  -> (artifact id: 'b1239283e9d5acdd30817a3dd339c1ed') in 0.048128 seconds
  Import took 0.070029 seconds .

========================================================================
Received Prepare
Registering precompiled user dll's ...
Registered in 0.005470 seconds.
Begin MonoManager ReloadAssembly
Native extension for WindowsStandalone target not found
Native extension for WebGL target not found
Refreshing native plugins compatible for Editor in 0.42 ms, found 2 plugins.
Preloading 0 native plugins for Editor in 0.00 ms.
Mono: successfully reloaded assembly
- Completed reload, in  1.180 seconds
Platform modules already initialized, skipping
Refreshing native plugins compatible for Editor in 0.48 ms, found 2 plugins.
Preloading 0 native plugins for Editor in 0.00 ms.
Unloading 1854 Unused Serialized files (Serialized files now loaded: 0)
System memory in use before: 97.7 MB.
System memory in use after: 95.7 MB.

Unloading 41 unused Assets to reduce memory usage. Loaded Objects now: 2377.
Total: 2.720100 ms (FindLiveObjects: 0.166100 ms CreateObjectMapping: 0.057600 ms MarkObjects: 1.775600 ms  DeleteObjects: 0.719500 ms)

========================================================================
Received Import Request.
  Time since last request: 126.866140 seconds.
  path: Assets/Priom FTW - Haunted Soul.mp3
  artifactKey: Guid(b8a1867835e282c4bbc91e877151c8f7) Importer(815301076,1909f56bfc062723c751e8b465ee728b)
Start importing Assets/Priom FTW - Haunted Soul.mp3 using Guid(b8a1867835e282c4bbc91e877151c8f7) Importer(815301076,1909f56bfc062723c751e8b465ee728b)  -> (artifact id: '9cb8f71b0ada51ebd5a04bb4bfd5949e') in 0.062170 seconds
  Import took 0.065904 seconds .

========================================================================
Received Prepare
Registering precompiled user dll's ...
Registered in 0.004202 seconds.
Begin MonoManager ReloadAssembly
Native extension for WindowsStandalone target not found
Native extension for WebGL target not found
Refreshing native plugins compatible for Editor in 0.46 ms, found 2 plugins.
Preloading 0 native plugins for Editor in 0.00 ms.
Mono: successfully reloaded assembly
- Completed reload, in  1.391 seconds
Platform modules already initialized, skipping
Refreshing native plugins compatible for Editor in 0.78 ms, found 2 plugins.
Preloading 0 native plugins for Editor in 0.00 ms.
Unloading 1854 Unused Serialized files (Serialized files now loaded: 0)
System memory in use before: 97.8 MB.
System memory in use after: 95.8 MB.

Unloading 41 unused Assets to reduce memory usage. Loaded Objects now: 2383.
Total: 3.277600 ms (FindLiveObjects: 0.213900 ms CreateObjectMapping: 0.069400 ms MarkObjects: 2.190200 ms  DeleteObjects: 0.802800 ms)

========================================================================
Received Prepare
Registering precompiled user dll's ...
Registered in 0.003577 seconds.
Begin MonoManager ReloadAssembly
Native extension for WindowsStandalone target not found
Native extension for WebGL target not found
Refreshing native plugins compatible for Editor in 0.44 ms, found 2 plugins.
Preloading 0 native plugins for Editor in 0.00 ms.
Mono: successfully reloaded assembly
- Completed reload, in  1.219 seconds
Platform modules already initialized, skipping
Refreshing native plugins compatible for Editor in 0.46 ms, found 2 plugins.
Preloading 0 native plugins for Editor in 0.00 ms.
Unloading 1854 Unused Serialized files (Serialized files now loaded: 0)
System memory in use before: 97.8 MB.
System memory in use after: 95.8 MB.

Unloading 41 unused Assets to reduce memory usage. Loaded Objects now: 2386.
Total: 3.023600 ms (FindLiveObjects: 0.213100 ms CreateObjectMapping: 0.061000 ms MarkObjects: 2.006300 ms  DeleteObjects: 0.742300 ms)

========================================================================
Received Prepare
Registering precompiled user dll's ...
Registered in 0.004182 seconds.
Begin MonoManager ReloadAssembly
Native extension for WindowsStandalone target not found
Native extension for WebGL target not found
Refreshing native plugins compatible for Editor in 0.45 ms, found 2 plugins.
Preloading 0 native plugins for Editor in 0.00 ms.
Mono: successfully reloaded assembly
- Completed reload, in  1.082 seconds
Platform modules already initialized, skipping
Refreshing native plugins compatible for Editor in 0.49 ms, found 2 plugins.
Preloading 0 native plugins for Editor in 0.00 ms.
Unloading 1854 Unused Serialized files (Serialized files now loaded: 0)
System memory in use before: 97.8 MB.
System memory in use after: 95.8 MB.

Unloading 41 unused Assets to reduce memory usage. Loaded Objects now: 2389.
Total: 4.038200 ms (FindLiveObjects: 0.243600 ms CreateObjectMapping: 0.082800 ms MarkObjects: 2.750500 ms  DeleteObjects: 0.959400 ms)

========================================================================
Received Import Request.
  Time since last request: 214.506175 seconds.
  path: Assets/Scenes/Scene_Menu.unity
  artifactKey: Guid(7d3f94e050bbfae42b53fb77307629c9) Importer(815301076,1909f56bfc062723c751e8b465ee728b)
Start importing Assets/Scenes/Scene_Menu.unity using Guid(7d3f94e050bbfae42b53fb77307629c9) Importer(815301076,1909f56bfc062723c751e8b465ee728b)  -> (artifact id: '9ca22d044d4c3b4a52bf12c465ecbd33') in 0.031543 seconds
  Import took 0.036009 seconds .

========================================================================
Received Prepare
Registering precompiled user dll's ...
Registered in 0.003878 seconds.
Begin MonoManager ReloadAssembly
Native extension for WindowsStandalone target not found
Native extension for WebGL target not found
Refreshing native plugins compatible for Editor in 0.47 ms, found 2 plugins.
Preloading 0 native plugins for Editor in 0.00 ms.
Mono: successfully reloaded assembly
- Completed reload, in  1.106 seconds
Platform modules already initialized, skipping
Refreshing native plugins compatible for Editor in 0.49 ms, found 2 plugins.
Preloading 0 native plugins for Editor in 0.00 ms.
Unloading 1854 Unused Serialized files (Serialized files now loaded: 0)
System memory in use before: 97.8 MB.
System memory in use after: 95.8 MB.

Unloading 41 unused Assets to reduce memory usage. Loaded Objects now: 2392.
Total: 2.956100 ms (FindLiveObjects: 0.184000 ms CreateObjectMapping: 0.052900 ms MarkObjects: 1.992900 ms  DeleteObjects: 0.725400 ms)

========================================================================
Received Prepare
Registering precompiled user dll's ...
Registered in 0.004599 seconds.
Begin MonoManager ReloadAssembly
Native extension for WindowsStandalone target not found
Native extension for WebGL target not found
Refreshing native plugins compatible for Editor in 0.51 ms, found 2 plugins.
Preloading 0 native plugins for Editor in 0.00 ms.
Mono: successfully reloaded assembly
- Completed reload, in  1.422 seconds
Platform modules already initialized, skipping
Refreshing native plugins compatible for Editor in 0.64 ms, found 2 plugins.
Preloading 0 native plugins for Editor in 0.00 ms.
Unloading 1854 Unused Serialized files (Serialized files now loaded: 0)
System memory in use before: 97.9 MB.
System memory in use after: 95.9 MB.

Unloading 41 unused Assets to reduce memory usage. Loaded Objects now: 2395.
Total: 5.562100 ms (FindLiveObjects: 0.259800 ms CreateObjectMapping: 0.104200 ms MarkObjects: 3.881000 ms  DeleteObjects: 1.315200 ms)

========================================================================
Received Prepare
Refreshing native plugins compatible for Editor in 7.84 ms, found 2 plugins.
Preloading 0 native plugins for Editor in 0.00 ms.
Unloading 39 Unused Serialized files (Serialized files now loaded: 0)
System memory in use before: 62.0 MB.
System memory in use after: 60.0 MB.

Unloading 39 unused Assets to reduce memory usage. Loaded Objects now: 2395.
Total: 138.435200 ms (FindLiveObjects: 4.275100 ms CreateObjectMapping: 4.642800 ms MarkObjects: 126.729500 ms  DeleteObjects: 2.784300 ms)

========================================================================
Received Prepare
Refreshing native plugins compatible for Editor in 5.27 ms, found 2 plugins.
Preloading 0 native plugins for Editor in 0.00 ms.
Unloading 39 Unused Serialized files (Serialized files now loaded: 0)
System memory in use before: 62.0 MB.
System memory in use after: 60.0 MB.

Unloading 39 unused Assets to reduce memory usage. Loaded Objects now: 2395.
Total: 6.454500 ms (FindLiveObjects: 0.466400 ms CreateObjectMapping: 0.156600 ms MarkObjects: 4.270000 ms  DeleteObjects: 1.559600 ms)

========================================================================
Received Prepare
Registering precompiled user dll's ...
Registered in 0.003992 seconds.
Begin MonoManager ReloadAssembly
Native extension for WindowsStandalone target not found
Native extension for WebGL target not found
Refreshing native plugins compatible for Editor in 0.85 ms, found 2 plugins.
Preloading 0 native plugins for Editor in 0.00 ms.
Mono: successfully reloaded assembly
- Completed reload, in  1.462 seconds
Platform modules already initialized, skipping
Refreshing native plugins compatible for Editor in 0.84 ms, found 2 plugins.
Preloading 0 native plugins for Editor in 0.00 ms.
Unloading 1854 Unused Serialized files (Serialized files now loaded: 0)
System memory in use before: 97.8 MB.
System memory in use after: 95.9 MB.

Unloading 41 unused Assets to reduce memory usage. Loaded Objects now: 2398.
Total: 3.704500 ms (FindLiveObjects: 0.260700 ms CreateObjectMapping: 0.092100 ms MarkObjects: 2.408100 ms  DeleteObjects: 0.941800 ms)

========================================================================
Received Prepare
Refreshing native plugins compatible for Editor in 13.52 ms, found 2 plugins.
Preloading 0 native plugins for Editor in 0.00 ms.
Unloading 39 Unused Serialized files (Serialized files now loaded: 0)
System memory in use before: 61.9 MB.
System memory in use after: 60.0 MB.

Unloading 39 unused Assets to reduce memory usage. Loaded Objects now: 2398.
Total: 14.680000 ms (FindLiveObjects: 0.536200 ms CreateObjectMapping: 0.218000 ms MarkObjects: 9.291300 ms  DeleteObjects: 4.630800 ms)

========================================================================
Received Import Request.
  Time since last request: 1312.120635 seconds.
  path: Assets/Scenes/Scene_Menu.unity
  artifactKey: Guid(7d3f94e050bbfae42b53fb77307629c9) Importer(815301076,1909f56bfc062723c751e8b465ee728b)
Start importing Assets/Scenes/Scene_Menu.unity using Guid(7d3f94e050bbfae42b53fb77307629c9) Importer(815301076,1909f56bfc062723c751e8b465ee728b)  -> (artifact id: 'b9ab46c232faadc5f87fa8ba8d821f93') in 0.044258 seconds
  Import took 0.075842 seconds .

========================================================================
Received Import Request.
  Time since last request: 0.708408 seconds.
  path: Assets/Scenes/Scene_Game.unity
  artifactKey: Guid(9fc0d4010bbf28b4594072e72b8655ab) Importer(815301076,1909f56bfc062723c751e8b465ee728b)
Start importing Assets/Scenes/Scene_Game.unity using Guid(9fc0d4010bbf28b4594072e72b8655ab) Importer(815301076,1909f56bfc062723c751e8b465ee728b)  -> (artifact id: '92f8665159082e6f033d95ace74dffa4') in 0.006782 seconds
  Import took 0.037268 seconds .

========================================================================
Received Import Request.
  Time since last request: 75.307411 seconds.
  path: Assets/TextMesh Pro/Fonts/LiberationSans.ttf
  artifactKey: Guid(e3265ab4bf004d28a9537516768c1c75) Importer(815301076,1909f56bfc062723c751e8b465ee728b)
Start importing Assets/TextMesh Pro/Fonts/LiberationSans.ttf using Guid(e3265ab4bf004d28a9537516768c1c75) Importer(815301076,1909f56bfc062723c751e8b465ee728b)  -> (artifact id: 'bdddd331c3f1b7826858a8d92db67e39') in 0.094332 seconds
  Import took 0.099081 seconds .

========================================================================
Received Import Request.
  Time since last request: 0.003057 seconds.
  path: Assets/TextMesh Pro/Fonts/LiberationSans.ttf
  artifactKey: Guid(e3265ab4bf004d28a9537516768c1c75) Importer(815301076,1909f56bfc062723c751e8b465ee728b)
Start importing Assets/TextMesh Pro/Fonts/LiberationSans.ttf using Guid(e3265ab4bf004d28a9537516768c1c75) Importer(815301076,1909f56bfc062723c751e8b465ee728b)  -> (artifact id: 'bdddd331c3f1b7826858a8d92db67e39') in 0.015178 seconds
  Import took 0.019405 seconds .

========================================================================
Received Prepare
Registering precompiled user dll's ...
Registered in 0.003854 seconds.
Begin MonoManager ReloadAssembly
Native extension for WindowsStandalone target not found
Native extension for WebGL target not found
Refreshing native plugins compatible for Editor in 0.43 ms, found 2 plugins.
Preloading 0 native plugins for Editor in 0.00 ms.
Mono: successfully reloaded assembly
- Completed reload, in  1.143 seconds
Platform modules already initialized, skipping
Refreshing native plugins compatible for Editor in 0.45 ms, found 2 plugins.
Preloading 0 native plugins for Editor in 0.00 ms.
Unloading 1854 Unused Serialized files (Serialized files now loaded: 0)
System memory in use before: 97.9 MB.
System memory in use after: 96.0 MB.

Unloading 41 unused Assets to reduce memory usage. Loaded Objects now: 2405.
Total: 3.404700 ms (FindLiveObjects: 0.181100 ms CreateObjectMapping: 0.056600 ms MarkObjects: 2.498600 ms  DeleteObjects: 0.667200 ms)

========================================================================
Received Prepare
Refreshing native plugins compatible for Editor in 3.41 ms, found 2 plugins.
Preloading 0 native plugins for Editor in 0.00 ms.
Unloading 39 Unused Serialized files (Serialized files now loaded: 0)
System memory in use before: 62.0 MB.
System memory in use after: 60.1 MB.

Unloading 39 unused Assets to reduce memory usage. Loaded Objects now: 2405.
Total: 3.610600 ms (FindLiveObjects: 0.394800 ms CreateObjectMapping: 0.101400 ms MarkObjects: 2.269600 ms  DeleteObjects: 0.843400 ms)

========================================================================
Received Prepare
Refreshing native plugins compatible for Editor in 5.07 ms, found 2 plugins.
Preloading 0 native plugins for Editor in 0.00 ms.
Unloading 39 Unused Serialized files (Serialized files now loaded: 0)
System memory in use before: 62.0 MB.
System memory in use after: 60.1 MB.

Unloading 39 unused Assets to reduce memory usage. Loaded Objects now: 2405.
Total: 3.323300 ms (FindLiveObjects: 0.214600 ms CreateObjectMapping: 0.068200 ms MarkObjects: 2.332300 ms  DeleteObjects: 0.707000 ms)

